2021-12-13T06:42:31.756Z - normal: Load ~/.CocosCreator/settings.json
2021-12-13T06:42:31.810Z - normal: Initializing Asset Database
2021-12-13T06:42:31.813Z - normal: checking language setting...
2021-12-13T06:42:31.813Z - normal: Language: en
2021-12-13T06:42:32.395Z - success: preview server running at http://localhost:7456
2021-12-13T06:42:32.411Z - success: protocol editor-framework registered
2021-12-13T06:42:32.411Z - success: protocol app registered
2021-12-13T06:42:32.411Z - success: protocol theme registered
2021-12-13T06:42:32.411Z - success: protocol packages registered
2021-12-13T06:42:32.411Z - success: protocol uuid registerred
2021-12-13T06:42:32.411Z - success: protocol db registerred
2021-12-13T06:42:32.412Z - success: protocol thumbnail registerred
2021-12-13T06:42:32.412Z - success: protocol unpack registerred
2021-12-13T06:42:32.412Z - success: protocol disable-commonjs registerred
2021-12-13T06:42:33.846Z - normal: connected!
2021-12-13T06:42:33.847Z - normal: Check project /Users/fe-thienchi-fresher/BaiTapHaiEmit-Tween
2021-12-13T06:42:33.848Z - normal: Initializing project /Users/fe-thienchi-fresher/BaiTapHaiEmit-Tween
2021-12-13T06:42:34.191Z - normal: Initializing Cocos2d
2021-12-13T06:42:34.932Z - normal: Initializing engine extends
2021-12-13T06:42:34.961Z - success: alipay-adapter loaded
2021-12-13T06:42:34.966Z - success: asset-db-debugger loaded
2021-12-13T06:42:34.968Z - success: baidu-adapter loaded
2021-12-13T06:42:34.969Z - success: color-picker loaded
2021-12-13T06:42:35.072Z - success: fb-audience-network loaded
2021-12-13T06:42:35.114Z - success: fb-live-stream loaded
2021-12-13T06:42:35.117Z - success: google-play-instant loaded
2021-12-13T06:42:35.122Z - success: huawei-runtime loaded
2021-12-13T06:42:35.342Z - success: cpk-publish loaded
2021-12-13T06:42:35.344Z - success: jsb-adapter loaded
2021-12-13T06:42:35.350Z - success: oppo-runtime loaded
2021-12-13T06:42:35.356Z - success: package-manager loaded
2021-12-13T06:42:35.482Z - success: qqplay-adapter loaded
2021-12-13T06:42:35.492Z - success: runtime-dev-tools loaded
2021-12-13T06:42:35.525Z - success: sdkbox loaded
2021-12-13T06:42:35.530Z - success: tester loaded
2021-12-13T06:42:35.535Z - success: ui-kit-preview-extra loaded
2021-12-13T06:42:35.544Z - success: ui-kit-preview loaded
2021-12-13T06:42:35.549Z - success: ui-kit loaded
2021-12-13T06:42:35.556Z - success: vivo-runtime loaded
2021-12-13T06:42:35.557Z - success: weapp-adapter loaded
2021-12-13T06:42:35.558Z - success: xiaomi-adapter loaded
2021-12-13T06:42:35.560Z - success: alipay-minigame loaded
2021-12-13T06:42:35.600Z - success: assets loaded
2021-12-13T06:42:35.604Z - success: builder loaded
2021-12-13T06:42:35.856Z - success: cocos-services loaded
2021-12-13T06:42:35.862Z - success: console loaded
2021-12-13T06:42:35.895Z - success: fb-instant-games loaded
2021-12-13T06:42:35.899Z - success: game-window loaded
2021-12-13T06:42:35.901Z - success: google-instant-games loaded
2021-12-13T06:42:35.905Z - success: hierarchy loaded
2021-12-13T06:42:35.909Z - success: inspector loaded
2021-12-13T06:42:35.910Z - success: keystore loaded
2021-12-13T06:42:35.915Z - success: node-library loaded
2021-12-13T06:42:35.917Z - success: package-asset loaded
2021-12-13T06:42:35.919Z - success: preferences loaded
2021-12-13T06:42:35.921Z - success: project-exporter loaded
2021-12-13T06:42:35.926Z - success: project-importer loaded
2021-12-13T06:42:35.929Z - success: project-settings loaded
2021-12-13T06:42:35.934Z - success: scene loaded
2021-12-13T06:42:35.935Z - success: simulator-debugger loaded
2021-12-13T06:42:35.936Z - success: sprite-editor loaded
2021-12-13T06:42:35.941Z - success: store loaded
2021-12-13T06:42:35.947Z - success: timeline loaded
2021-12-13T06:42:35.951Z - success: xiaomi-runtime loaded
2021-12-13T06:42:36.961Z - normal: Loading packages
2021-12-13T06:42:36.965Z - normal: Watching packages
2021-12-13T06:42:37.057Z - normal: Run Application
2021-12-13T06:42:38.995Z - info: Cocos Services load base data!
2021-12-13T09:25:42.290Z - normal: Start building with options : {
  "actualPlatform": "web-desktop",
  "android-instant": {
    "REMOTE_SERVER_ROOT": "",
    "host": "",
    "pathPattern": "",
    "recordPath": "",
    "scheme": "https",
    "skipRecord": false
  },
  "apiLevel": "",
  "appABIs": [],
  "appBundle": false,
  "baidugame": {
    "REMOTE_SERVER_ROOT": "",
    "appid": "testappid",
    "orientation": "portrait",
    "subContext": ""
  },
  "buildPath": "/Users/fe-thienchi-fresher/BaiTapHaiEmit-Tween/build",
  "debug": false,
  "dest": "/Users/fe-thienchi-fresher/BaiTapHaiEmit-Tween/build/web-desktop",
  "embedWebDebugger": false,
  "encryptJs": true,
  "excludeScenes": [],
  "excludedModules": [
    "3D Physics/cannon.js",
    "3D Physics/Builtin",
    "3D Particle"
  ],
  "fb-instant-games": {},
  "includeSDKBox": false,
  "inlineSpriteFrames": true,
  "inlineSpriteFrames_native": true,
  "md5Cache": false,
  "mergeStartScene": false,
  "optimizeHotUpdate": false,
  "orientation": {
    "landscapeLeft": true,
    "landscapeRight": true,
    "portrait": false,
    "upsideDown": false
  },
  "packageName": "org.cocos2d.helloworld",
  "platform": "web-desktop",
  "previewHeight": "720",
  "previewWidth": "1280",
  "qqplay": {
    "REMOTE_SERVER_ROOT": "",
    "orientation": "portrait",
    "zip": false
  },
  "scenes": [
    "2d2f792f-a40c-49bb-a189-ed176a246e49"
  ],
  "sourceMaps": false,
  "startScene": "2d2f792f-a40c-49bb-a189-ed176a246e49",
  "template": "link",
  "title": "BaiTapHaiEmitter-Action-Tween",
  "useDebugKeystore": true,
  "vsVersion": "auto",
  "webOrientation": "auto",
  "wechatgame": {
    "REMOTE_SERVER_ROOT": "",
    "appid": "wx6ac3f5090a6b99c5",
    "orientation": "portrait",
    "separate_engine": false,
    "subContext": ""
  },
  "xxteaKey": "e3037107-a37f-43",
  "zipCompressJs": true,
  "project": "/Users/fe-thienchi-fresher/BaiTapHaiEmit-Tween",
  "projectName": "BaiTapHaiEmitter-Action-Tween",
  "debugBuildWorker": false
}
2021-12-13T09:25:42.294Z - normal: Building /Users/fe-thienchi-fresher/BaiTapHaiEmit-Tween
2021-12-13T09:25:42.295Z - normal: Destination /Users/fe-thienchi-fresher/BaiTapHaiEmit-Tween/build/web-desktop
2021-12-13T09:25:42.418Z - normal: Delete /Users/fe-thienchi-fresher/BaiTapHaiEmit-Tween/build/web-desktop/subpackages/**/*,/Users/fe-thienchi-fresher/BaiTapHaiEmit-Tween/build/web-desktop/**/*
2021-12-13T09:26:58.841Z - normal: Start building assets
2021-12-13T09:26:58.843Z - normal: Start spawn build-worker
2021-12-13T09:26:59.497Z - normal: Finish spawn build-worker
2021-12-13T09:26:59.497Z - normal: Start init build-worker
2021-12-13T09:27:02.385Z - normal: Finish init build-worker
2021-12-13T09:27:02.385Z - normal: Start build-assets in worker
2021-12-13T09:27:02.820Z - normal: Finish build-assets in worker
2021-12-13T09:27:02.824Z - normal: Finish building assets
2021-12-13T09:27:02.835Z - normal: Start building plugin scripts
2021-12-13T09:27:02.882Z - normal: Generating main.js from /Applications/CocosCreator.app/Contents/Resources/static/build-templates/shares/main.js
2021-12-13T09:27:02.893Z - normal: Generating html from /Applications/CocosCreator.app/Contents/Resources/static/build-templates/web-desktop/template/index.html
2021-12-13T09:27:02.910Z - normal: Built to "/Users/fe-thienchi-fresher/BaiTapHaiEmit-Tween/build/web-desktop" successfully
2021-12-13T09:40:19.102Z - normal: Start building with options : {
  "actualPlatform": "web-desktop",
  "android-instant": {
    "REMOTE_SERVER_ROOT": "",
    "host": "",
    "pathPattern": "",
    "recordPath": "",
    "scheme": "https",
    "skipRecord": false
  },
  "apiLevel": "",
  "appABIs": [],
  "appBundle": false,
  "baidugame": {
    "REMOTE_SERVER_ROOT": "",
    "appid": "testappid",
    "orientation": "portrait",
    "subContext": ""
  },
  "buildPath": "/Users/fe-thienchi-fresher/BaiTapHaiEmit-Tween/build",
  "debug": false,
  "dest": "/Users/fe-thienchi-fresher/BaiTapHaiEmit-Tween/build/web-desktop",
  "embedWebDebugger": false,
  "encryptJs": true,
  "excludeScenes": [],
  "excludedModules": [
    "3D Physics/cannon.js",
    "3D Physics/Builtin",
    "3D Particle"
  ],
  "fb-instant-games": {},
  "includeSDKBox": false,
  "inlineSpriteFrames": true,
  "inlineSpriteFrames_native": true,
  "md5Cache": false,
  "mergeStartScene": false,
  "optimizeHotUpdate": false,
  "orientation": {
    "landscapeLeft": true,
    "landscapeRight": true,
    "portrait": false,
    "upsideDown": false
  },
  "packageName": "org.cocos2d.helloworld",
  "platform": "web-desktop",
  "previewHeight": "720",
  "previewWidth": "1280",
  "qqplay": {
    "REMOTE_SERVER_ROOT": "",
    "orientation": "portrait",
    "zip": false
  },
  "scenes": [
    "2d2f792f-a40c-49bb-a189-ed176a246e49"
  ],
  "sourceMaps": false,
  "startScene": "2d2f792f-a40c-49bb-a189-ed176a246e49",
  "template": "link",
  "title": "BaiTapHaiEmitter-Action-Tween",
  "useDebugKeystore": true,
  "vsVersion": "auto",
  "webOrientation": "auto",
  "wechatgame": {
    "REMOTE_SERVER_ROOT": "",
    "appid": "wx6ac3f5090a6b99c5",
    "orientation": "portrait",
    "separate_engine": false,
    "subContext": ""
  },
  "xxteaKey": "e3037107-a37f-43",
  "zipCompressJs": true,
  "project": "/Users/fe-thienchi-fresher/BaiTapHaiEmit-Tween",
  "projectName": "BaiTapHaiEmitter-Action-Tween",
  "debugBuildWorker": false
}
2021-12-13T09:40:19.107Z - normal: Building /Users/fe-thienchi-fresher/BaiTapHaiEmit-Tween
2021-12-13T09:40:19.107Z - normal: Destination /Users/fe-thienchi-fresher/BaiTapHaiEmit-Tween/build/web-desktop
2021-12-13T09:40:19.108Z - normal: Delete /Users/fe-thienchi-fresher/BaiTapHaiEmit-Tween/build/web-desktop/subpackages/**/*,/Users/fe-thienchi-fresher/BaiTapHaiEmit-Tween/build/web-desktop/**/*
2021-12-13T09:40:21.135Z - normal: Start building assets
2021-12-13T09:40:21.135Z - normal: Start spawn build-worker
2021-12-13T09:40:21.791Z - normal: Finish spawn build-worker
2021-12-13T09:40:21.791Z - normal: Start init build-worker
2021-12-13T09:40:24.445Z - normal: Finish init build-worker
2021-12-13T09:40:24.445Z - normal: Start build-assets in worker
2021-12-13T09:40:24.789Z - normal: Finish build-assets in worker
2021-12-13T09:40:24.792Z - normal: Finish building assets
2021-12-13T09:40:24.799Z - normal: Start building plugin scripts
2021-12-13T09:40:24.838Z - normal: Generating main.js from /Applications/CocosCreator.app/Contents/Resources/static/build-templates/shares/main.js
2021-12-13T09:40:24.845Z - normal: Generating html from /Applications/CocosCreator.app/Contents/Resources/static/build-templates/web-desktop/template/index.html
2021-12-13T09:40:24.860Z - normal: Built to "/Users/fe-thienchi-fresher/BaiTapHaiEmit-Tween/build/web-desktop" successfully
2021-12-13T09:44:48.622Z - normal: Start building with options : {
  "actualPlatform": "web-desktop",
  "android-instant": {
    "REMOTE_SERVER_ROOT": "",
    "host": "",
    "pathPattern": "",
    "recordPath": "",
    "scheme": "https",
    "skipRecord": false
  },
  "apiLevel": "",
  "appABIs": [],
  "appBundle": false,
  "baidugame": {
    "REMOTE_SERVER_ROOT": "",
    "appid": "testappid",
    "orientation": "portrait",
    "subContext": ""
  },
  "buildPath": "/Users/fe-thienchi-fresher/BaiTapHaiEmit-Tween/build",
  "debug": false,
  "dest": "/Users/fe-thienchi-fresher/BaiTapHaiEmit-Tween/build/web-desktop",
  "embedWebDebugger": false,
  "encryptJs": true,
  "excludeScenes": [],
  "excludedModules": [
    "3D Physics/cannon.js",
    "3D Physics/Builtin",
    "3D Particle"
  ],
  "fb-instant-games": {},
  "includeSDKBox": false,
  "inlineSpriteFrames": true,
  "inlineSpriteFrames_native": true,
  "md5Cache": false,
  "mergeStartScene": false,
  "optimizeHotUpdate": false,
  "orientation": {
    "landscapeLeft": true,
    "landscapeRight": true,
    "portrait": false,
    "upsideDown": false
  },
  "packageName": "org.cocos2d.helloworld",
  "platform": "web-desktop",
  "previewHeight": "720",
  "previewWidth": "1280",
  "qqplay": {
    "REMOTE_SERVER_ROOT": "",
    "orientation": "portrait",
    "zip": false
  },
  "scenes": [
    "2d2f792f-a40c-49bb-a189-ed176a246e49"
  ],
  "sourceMaps": false,
  "startScene": "2d2f792f-a40c-49bb-a189-ed176a246e49",
  "template": "link",
  "title": "BaiTapHaiEmitter-Action-Tween",
  "useDebugKeystore": true,
  "vsVersion": "auto",
  "webOrientation": "auto",
  "wechatgame": {
    "REMOTE_SERVER_ROOT": "",
    "appid": "wx6ac3f5090a6b99c5",
    "orientation": "portrait",
    "separate_engine": false,
    "subContext": ""
  },
  "xxteaKey": "e3037107-a37f-43",
  "zipCompressJs": true,
  "project": "/Users/fe-thienchi-fresher/BaiTapHaiEmit-Tween",
  "projectName": "BaiTapHaiEmitter-Action-Tween",
  "debugBuildWorker": false
}
2021-12-13T09:44:48.625Z - normal: Building /Users/fe-thienchi-fresher/BaiTapHaiEmit-Tween
2021-12-13T09:44:48.625Z - normal: Destination /Users/fe-thienchi-fresher/BaiTapHaiEmit-Tween/build/web-desktop
2021-12-13T09:44:48.626Z - normal: Delete /Users/fe-thienchi-fresher/BaiTapHaiEmit-Tween/build/web-desktop/subpackages/**/*,/Users/fe-thienchi-fresher/BaiTapHaiEmit-Tween/build/web-desktop/**/*
2021-12-13T09:44:50.406Z - normal: Start building assets
2021-12-13T09:44:50.406Z - normal: Start spawn build-worker
2021-12-13T09:44:51.060Z - normal: Finish spawn build-worker
2021-12-13T09:44:51.060Z - normal: Start init build-worker
2021-12-13T09:44:53.653Z - normal: Finish init build-worker
2021-12-13T09:44:53.654Z - normal: Start build-assets in worker
2021-12-13T09:44:53.991Z - normal: Finish build-assets in worker
2021-12-13T09:44:53.994Z - normal: Finish building assets
2021-12-13T09:44:54.000Z - normal: Start building plugin scripts
2021-12-13T09:44:54.045Z - normal: Generating main.js from /Applications/CocosCreator.app/Contents/Resources/static/build-templates/shares/main.js
2021-12-13T09:44:54.052Z - normal: Generating html from /Applications/CocosCreator.app/Contents/Resources/static/build-templates/web-desktop/template/index.html
2021-12-13T09:44:54.065Z - normal: Built to "/Users/fe-thienchi-fresher/BaiTapHaiEmit-Tween/build/web-desktop" successfully
