2021-11-30T04:05:57.232Z - normal: Load ~/.CocosCreator/settings.json
2021-11-30T04:05:57.275Z - normal: Initializing Asset Database
2021-11-30T04:05:57.277Z - normal: checking language setting...
2021-11-30T04:05:57.278Z - normal: Language: en
2021-11-30T04:05:57.789Z - success: preview server running at http://localhost:7456
2021-11-30T04:05:57.804Z - success: protocol editor-framework registered
2021-11-30T04:05:57.804Z - success: protocol app registered
2021-11-30T04:05:57.804Z - success: protocol theme registered
2021-11-30T04:05:57.805Z - success: protocol packages registered
2021-11-30T04:05:57.805Z - success: protocol uuid registerred
2021-11-30T04:05:57.805Z - success: protocol db registerred
2021-11-30T04:05:57.805Z - success: protocol thumbnail registerred
2021-11-30T04:05:57.805Z - success: protocol unpack registerred
2021-11-30T04:05:57.805Z - success: protocol disable-commonjs registerred
2021-11-30T04:05:58.756Z - normal: connected!
2021-11-30T04:05:58.758Z - normal: Check project /Users/fe-thienchi-fresher/HelloWorld
2021-11-30T04:05:58.759Z - normal: Initializing project /Users/fe-thienchi-fresher/HelloWorld
2021-11-30T04:05:59.016Z - normal: Initializing Cocos2d
2021-11-30T04:05:59.440Z - normal: Initializing engine extends
2021-11-30T04:05:59.461Z - success: alipay-adapter loaded
2021-11-30T04:05:59.469Z - success: asset-db-debugger loaded
2021-11-30T04:05:59.473Z - success: baidu-adapter loaded
2021-11-30T04:05:59.478Z - success: color-picker loaded
2021-11-30T04:05:59.583Z - success: fb-audience-network loaded
2021-11-30T04:05:59.618Z - success: fb-live-stream loaded
2021-11-30T04:05:59.621Z - success: google-play-instant loaded
2021-11-30T04:05:59.627Z - success: huawei-runtime loaded
2021-11-30T04:05:59.805Z - success: cpk-publish loaded
2021-11-30T04:05:59.806Z - success: jsb-adapter loaded
2021-11-30T04:05:59.812Z - success: oppo-runtime loaded
2021-11-30T04:05:59.817Z - success: package-manager loaded
2021-11-30T04:05:59.896Z - success: qqplay-adapter loaded
2021-11-30T04:05:59.899Z - success: runtime-dev-tools loaded
2021-11-30T04:05:59.923Z - success: sdkbox loaded
2021-11-30T04:05:59.928Z - success: tester loaded
2021-11-30T04:05:59.931Z - success: ui-kit-preview-extra loaded
2021-11-30T04:05:59.934Z - success: ui-kit-preview loaded
2021-11-30T04:05:59.938Z - success: ui-kit loaded
2021-11-30T04:05:59.943Z - success: vivo-runtime loaded
2021-11-30T04:05:59.944Z - success: weapp-adapter loaded
2021-11-30T04:05:59.945Z - success: xiaomi-adapter loaded
2021-11-30T04:05:59.947Z - success: alipay-minigame loaded
2021-11-30T04:05:59.978Z - success: assets loaded
2021-11-30T04:05:59.981Z - success: builder loaded
2021-11-30T04:06:00.141Z - success: cocos-services loaded
2021-11-30T04:06:00.145Z - success: console loaded
2021-11-30T04:06:00.168Z - success: fb-instant-games loaded
2021-11-30T04:06:00.171Z - success: game-window loaded
2021-11-30T04:06:00.171Z - success: google-instant-games loaded
2021-11-30T04:06:00.175Z - success: hierarchy loaded
2021-11-30T04:06:00.177Z - success: inspector loaded
2021-11-30T04:06:00.178Z - success: keystore loaded
2021-11-30T04:06:00.182Z - success: node-library loaded
2021-11-30T04:06:00.182Z - success: package-asset loaded
2021-11-30T04:06:00.183Z - success: preferences loaded
2021-11-30T04:06:00.185Z - success: project-exporter loaded
2021-11-30T04:06:00.188Z - success: project-importer loaded
2021-11-30T04:06:00.191Z - success: project-settings loaded
2021-11-30T04:06:00.194Z - success: scene loaded
2021-11-30T04:06:00.195Z - success: simulator-debugger loaded
2021-11-30T04:06:00.197Z - success: sprite-editor loaded
2021-11-30T04:06:00.200Z - success: store loaded
2021-11-30T04:06:00.204Z - success: timeline loaded
2021-11-30T04:06:00.206Z - success: xiaomi-runtime loaded
2021-11-30T04:06:00.860Z - normal: Loading packages
2021-11-30T04:06:00.864Z - normal: Watching packages
2021-11-30T04:06:00.932Z - normal: Run Application
2021-11-30T04:06:08.615Z - info: Cocos Services load base data!
2021-11-30T04:06:17.746Z - success: VS Code extension installed to /Users/fe-thienchi-fresher/.vscode/extensions
2021-11-30T04:06:27.945Z - success: API data generated and copied to /Users/fe-thienchi-fresher/HelloWorld/creator.d.ts
2021-11-30T04:08:01.480Z - warn: Folder does not exist: 
2021-11-30T04:13:49.188Z - warn: Folder does not exist: 
2021-11-30T04:42:26.837Z - normal: Start building with options : {
  "actualPlatform": "android",
  "android-instant": {
    "REMOTE_SERVER_ROOT": "",
    "host": "",
    "pathPattern": "",
    "recordPath": "",
    "scheme": "https",
    "skipRecord": false
  },
  "apiLevel": "",
  "appABIs": [],
  "appBundle": false,
  "baidugame": {
    "REMOTE_SERVER_ROOT": "",
    "appid": "testappid",
    "orientation": "portrait",
    "subContext": ""
  },
  "buildPath": "/Users/fe-thienchi-fresher/HelloWorld/build",
  "debug": false,
  "dest": "/Users/fe-thienchi-fresher/HelloWorld/build/jsb-link",
  "embedWebDebugger": false,
  "encryptJs": true,
  "excludeScenes": [],
  "excludedModules": [],
  "fb-instant-games": {},
  "includeSDKBox": false,
  "inlineSpriteFrames": true,
  "inlineSpriteFrames_native": true,
  "md5Cache": false,
  "mergeStartScene": false,
  "optimizeHotUpdate": false,
  "orientation": {
    "landscapeLeft": true,
    "landscapeRight": true,
    "portrait": false,
    "upsideDown": false
  },
  "packageName": "org.cocos2d.helloworld",
  "platform": "android",
  "previewHeight": "720",
  "previewWidth": "1280",
  "qqplay": {
    "REMOTE_SERVER_ROOT": "",
    "orientation": "portrait",
    "zip": false
  },
  "scenes": [
    "2d2f792f-a40c-49bb-a189-ed176a246e49"
  ],
  "sourceMaps": false,
  "startScene": "2d2f792f-a40c-49bb-a189-ed176a246e49",
  "template": "link",
  "title": "hello_world",
  "useDebugKeystore": true,
  "vsVersion": "auto",
  "webOrientation": "auto",
  "wechatgame": {
    "REMOTE_SERVER_ROOT": "",
    "appid": "wx6ac3f5090a6b99c5",
    "orientation": "portrait",
    "separate_engine": false,
    "subContext": ""
  },
  "xxteaKey": "04e1e896-e966-4a",
  "zipCompressJs": true,
  "project": "/Users/fe-thienchi-fresher/HelloWorld",
  "projectName": "hello_world",
  "debugBuildWorker": false
}
2021-11-30T04:42:26.841Z - normal: Building /Users/fe-thienchi-fresher/HelloWorld
2021-11-30T04:42:26.841Z - normal: Destination /Users/fe-thienchi-fresher/HelloWorld/build/jsb-link
2021-11-30T04:42:26.932Z - normal: Delete /Users/fe-thienchi-fresher/HelloWorld/build/jsb-link/subpackages/**/*,/Users/fe-thienchi-fresher/HelloWorld/build/jsb-link/res/**/*,/Users/fe-thienchi-fresher/HelloWorld/build/jsb-link/src/**/*
2021-11-30T04:42:26.948Z - error: Build Failed: Error: [Android SDK Root] is empty, please set [Android SDK Root] in Preferences.
    at s (/Applications/CocosCreator.app/Contents/Resources/app.asar/editor/core/native-utils.js:1:2436)
    at /Applications/CocosCreator.app/Contents/Resources/app.asar/editor/core/native-utils.js:1:2739
    at K (/Applications/CocosCreator.app/Contents/Resources/app.asar/editor/core/native-utils.js:1:2969)
    at Object.build (/Applications/CocosCreator.app/Contents/Resources/app.asar/editor/core/native-utils.js:1:14231)
    at Gulp.<anonymous> (/Applications/CocosCreator.app/Contents/Resources/app.asar/editor/core/gulp-build.js:1:28791)
    at module.exports (/Applications/CocosCreator.app/Contents/Resources/app.asar/node_modules/orchestrator/lib/runTask.js:34:7)
    at Gulp.Orchestrator._runTask (/Applications/CocosCreator.app/Contents/Resources/app.asar/node_modules/orchestrator/index.js:273:3)
    at Gulp.Orchestrator._runStep (/Applications/CocosCreator.app/Contents/Resources/app.asar/node_modules/orchestrator/index.js:214:10)
    at Gulp.Orchestrator.start (/Applications/CocosCreator.app/Contents/Resources/app.asar/node_modules/orchestrator/index.js:134:8)
    at /Applications/CocosCreator.app/Contents/Resources/app.asar/node_modules/gulp-sequence/index.js:63:12
    at r.waterfall.r (/Applications/CocosCreator.app/Contents/Resources/app.asar/editor/lib/builder/index.js:1:3393)
    at /Applications/CocosCreator.app/Contents/Resources/app.asar/node_modules/async/lib/async.js:52:16
    at /Applications/CocosCreator.app/Contents/Resources/app.asar/node_modules/async/lib/async.js:696:30
    at /Applications/CocosCreator.app/Contents/Resources/app.asar/node_modules/async/lib/async.js:167:37
    at /Applications/CocosCreator.app/Contents/Resources/app.asar/node_modules/async/lib/async.js:1209:30
    at Gulp.doneCallback (/Applications/CocosCreator.app/Contents/Resources/app.asar/editor/core/gulp-build.js:1:29866)
    at Gulp.Orchestrator.stop (/Applications/CocosCreator.app/Contents/Resources/app.asar/node_modules/orchestrator/index.js:150:9)
    at /Applications/CocosCreator.app/Contents/Resources/app.asar/node_modules/orchestrator/index.js:277:22
    at finish (/Applications/CocosCreator.app/Contents/Resources/app.asar/node_modules/orchestrator/lib/runTask.js:21:8)
2021-11-30T04:55:58.398Z - normal: Start building with options : {
  "actualPlatform": "android",
  "android-instant": {
    "REMOTE_SERVER_ROOT": "",
    "host": "",
    "pathPattern": "",
    "recordPath": "",
    "scheme": "https",
    "skipRecord": false
  },
  "apiLevel": "",
  "appABIs": [],
  "appBundle": false,
  "baidugame": {
    "REMOTE_SERVER_ROOT": "",
    "appid": "testappid",
    "orientation": "portrait",
    "subContext": ""
  },
  "buildPath": "/Users/fe-thienchi-fresher/HelloWorld/build",
  "debug": false,
  "dest": "/Users/fe-thienchi-fresher/HelloWorld/build/jsb-link",
  "embedWebDebugger": false,
  "encryptJs": true,
  "excludeScenes": [],
  "excludedModules": [],
  "fb-instant-games": {},
  "includeSDKBox": false,
  "inlineSpriteFrames": true,
  "inlineSpriteFrames_native": true,
  "md5Cache": false,
  "mergeStartScene": false,
  "optimizeHotUpdate": false,
  "orientation": {
    "landscapeLeft": true,
    "landscapeRight": true,
    "portrait": false,
    "upsideDown": false
  },
  "packageName": "org.cocos2d.helloworld",
  "platform": "android",
  "previewHeight": "720",
  "previewWidth": "1280",
  "qqplay": {
    "REMOTE_SERVER_ROOT": "",
    "orientation": "portrait",
    "zip": false
  },
  "scenes": [
    "2d2f792f-a40c-49bb-a189-ed176a246e49"
  ],
  "sourceMaps": false,
  "startScene": "2d2f792f-a40c-49bb-a189-ed176a246e49",
  "template": "link",
  "title": "hello_world",
  "useDebugKeystore": true,
  "vsVersion": "auto",
  "webOrientation": "auto",
  "wechatgame": {
    "REMOTE_SERVER_ROOT": "",
    "appid": "wx6ac3f5090a6b99c5",
    "orientation": "portrait",
    "separate_engine": false,
    "subContext": ""
  },
  "xxteaKey": "04e1e896-e966-4a",
  "zipCompressJs": true,
  "project": "/Users/fe-thienchi-fresher/HelloWorld",
  "projectName": "hello_world",
  "debugBuildWorker": false
}
2021-11-30T04:55:58.401Z - normal: Building /Users/fe-thienchi-fresher/HelloWorld
2021-11-30T04:55:58.401Z - normal: Destination /Users/fe-thienchi-fresher/HelloWorld/build/jsb-link
2021-11-30T04:55:58.403Z - normal: Delete /Users/fe-thienchi-fresher/HelloWorld/build/jsb-link/subpackages/**/*,/Users/fe-thienchi-fresher/HelloWorld/build/jsb-link/res/**/*,/Users/fe-thienchi-fresher/HelloWorld/build/jsb-link/src/**/*
2021-11-30T04:55:58.422Z - error: Build Failed: Error: [Android SDK Root] is empty, please set [Android SDK Root] in Preferences.
    at s (/Applications/CocosCreator.app/Contents/Resources/app.asar/editor/core/native-utils.js:1:2436)
    at /Applications/CocosCreator.app/Contents/Resources/app.asar/editor/core/native-utils.js:1:2739
    at K (/Applications/CocosCreator.app/Contents/Resources/app.asar/editor/core/native-utils.js:1:2969)
    at Object.build (/Applications/CocosCreator.app/Contents/Resources/app.asar/editor/core/native-utils.js:1:14231)
    at Gulp.<anonymous> (/Applications/CocosCreator.app/Contents/Resources/app.asar/editor/core/gulp-build.js:1:28791)
    at module.exports (/Applications/CocosCreator.app/Contents/Resources/app.asar/node_modules/orchestrator/lib/runTask.js:34:7)
    at Gulp.Orchestrator._runTask (/Applications/CocosCreator.app/Contents/Resources/app.asar/node_modules/orchestrator/index.js:273:3)
    at Gulp.Orchestrator._runStep (/Applications/CocosCreator.app/Contents/Resources/app.asar/node_modules/orchestrator/index.js:214:10)
    at Gulp.Orchestrator.start (/Applications/CocosCreator.app/Contents/Resources/app.asar/node_modules/orchestrator/index.js:134:8)
    at /Applications/CocosCreator.app/Contents/Resources/app.asar/node_modules/gulp-sequence/index.js:63:12
    at r.waterfall.r (/Applications/CocosCreator.app/Contents/Resources/app.asar/editor/lib/builder/index.js:1:3393)
    at /Applications/CocosCreator.app/Contents/Resources/app.asar/node_modules/async/lib/async.js:52:16
    at /Applications/CocosCreator.app/Contents/Resources/app.asar/node_modules/async/lib/async.js:696:30
    at /Applications/CocosCreator.app/Contents/Resources/app.asar/node_modules/async/lib/async.js:167:37
    at /Applications/CocosCreator.app/Contents/Resources/app.asar/node_modules/async/lib/async.js:1209:30
    at Gulp.doneCallback (/Applications/CocosCreator.app/Contents/Resources/app.asar/editor/core/gulp-build.js:1:29866)
    at Gulp.Orchestrator.stop (/Applications/CocosCreator.app/Contents/Resources/app.asar/node_modules/orchestrator/index.js:150:9)
    at /Applications/CocosCreator.app/Contents/Resources/app.asar/node_modules/orchestrator/index.js:277:22
    at finish (/Applications/CocosCreator.app/Contents/Resources/app.asar/node_modules/orchestrator/lib/runTask.js:21:8)
2021-11-30T04:56:24.644Z - normal: Start building with options : {
  "actualPlatform": "android",
  "android-instant": {
    "REMOTE_SERVER_ROOT": "",
    "host": "",
    "pathPattern": "",
    "recordPath": "",
    "scheme": "https",
    "skipRecord": false
  },
  "apiLevel": "",
  "appABIs": [],
  "appBundle": false,
  "baidugame": {
    "REMOTE_SERVER_ROOT": "",
    "appid": "testappid",
    "orientation": "portrait",
    "subContext": ""
  },
  "buildPath": "/Users/fe-thienchi-fresher/HelloWorld/build",
  "debug": false,
  "dest": "/Users/fe-thienchi-fresher/HelloWorld/build/jsb-link",
  "embedWebDebugger": false,
  "encryptJs": true,
  "excludeScenes": [],
  "excludedModules": [],
  "fb-instant-games": {},
  "includeSDKBox": false,
  "inlineSpriteFrames": true,
  "inlineSpriteFrames_native": true,
  "md5Cache": false,
  "mergeStartScene": false,
  "optimizeHotUpdate": false,
  "orientation": {
    "landscapeLeft": true,
    "landscapeRight": true,
    "portrait": false,
    "upsideDown": false
  },
  "packageName": "org.cocos2d.helloworld",
  "platform": "android",
  "previewHeight": "720",
  "previewWidth": "1280",
  "qqplay": {
    "REMOTE_SERVER_ROOT": "",
    "orientation": "portrait",
    "zip": false
  },
  "scenes": [
    "2d2f792f-a40c-49bb-a189-ed176a246e49"
  ],
  "sourceMaps": false,
  "startScene": "2d2f792f-a40c-49bb-a189-ed176a246e49",
  "template": "link",
  "title": "hello_world",
  "useDebugKeystore": true,
  "vsVersion": "auto",
  "webOrientation": "auto",
  "wechatgame": {
    "REMOTE_SERVER_ROOT": "",
    "appid": "wx6ac3f5090a6b99c5",
    "orientation": "portrait",
    "separate_engine": false,
    "subContext": ""
  },
  "xxteaKey": "04e1e896-e966-4a",
  "zipCompressJs": true,
  "project": "/Users/fe-thienchi-fresher/HelloWorld",
  "projectName": "hello_world",
  "debugBuildWorker": false
}
2021-11-30T04:56:24.644Z - normal: Building /Users/fe-thienchi-fresher/HelloWorld
2021-11-30T04:56:24.644Z - normal: Destination /Users/fe-thienchi-fresher/HelloWorld/build/jsb-link
2021-11-30T04:56:24.645Z - normal: Delete /Users/fe-thienchi-fresher/HelloWorld/build/jsb-link/subpackages/**/*,/Users/fe-thienchi-fresher/HelloWorld/build/jsb-link/res/**/*,/Users/fe-thienchi-fresher/HelloWorld/build/jsb-link/src/**/*
2021-11-30T04:56:24.717Z - normal: Checked Python Version [2.7.18]
2021-11-30T04:56:25.995Z - normal: Creating native cocos project to  /Users/fe-thienchi-fresher/HelloWorld/build/jsb-link
2021-11-30T04:57:09.624Z - normal: Start building assets
2021-11-30T04:57:09.625Z - normal: Start spawn build-worker
2021-11-30T04:57:10.162Z - normal: Finish spawn build-worker
2021-11-30T04:57:10.162Z - normal: Start init build-worker
2021-11-30T04:57:12.647Z - normal: Finish init build-worker
2021-11-30T04:57:12.647Z - normal: Start build-assets in worker
2021-11-30T04:57:12.790Z - info: Enable "Inline all SpriteFrames" in native platform will increase the package size used in hot update.
2021-11-30T04:57:12.945Z - normal: Finish build-assets in worker
2021-11-30T04:57:12.949Z - normal: Finish building assets
2021-11-30T04:57:12.957Z - normal: Start building plugin scripts
2021-11-30T04:57:13.000Z - normal: Generating main.js from /Applications/CocosCreator.app/Contents/Resources/static/build-templates/shares/main.js
2021-11-30T04:57:13.083Z - normal: Checked Python Version [2.7.18]
2021-11-30T04:57:14.405Z - normal: Built to "/Users/fe-thienchi-fresher/HelloWorld/build/jsb-link" successfully
2021-11-30T04:57:18.173Z - normal: Checked Python Version [2.7.18]
2021-11-30T04:57:19.355Z - normal: Start to compile native project. Please wait...
2021-11-30T04:57:19.355Z - normal: The log file path [ /Users/fe-thienchi-fresher/.CocosCreator/logs/native.log ]
2021-11-30T04:57:20.647Z - failed: Error: Compile failed. The log file path [ /Users/fe-thienchi-fresher/.CocosCreator/logs/native.log ]
    at ChildProcess.q (/Applications/CocosCreator.app/Contents/Resources/app.asar/editor/core/native-utils.js:1:18946)
    at ChildProcess.r.on (/Applications/CocosCreator.app/Contents/Resources/app.asar/editor/core/native-utils.js:1:6589)
    at emitTwo (events.js:106:13)
    at ChildProcess.emit (events.js:194:7)
    at maybeClose (internal/child_process.js:899:16)
    at Socket.<anonymous> (internal/child_process.js:342:11)
    at emitOne (events.js:96:13)
    at Socket.emit (events.js:191:7)
    at Pipe._handle.close [as _onclose] (net.js:510:12)
2021-11-30T04:59:36.151Z - normal: Start to run project
2021-11-30T04:59:36.211Z - normal: Checked Python Version [2.7.18]
2021-11-30T04:59:37.387Z - normal: Start to run project. Please wait...
2021-11-30T04:59:37.388Z - normal: The log file path [ /Users/fe-thienchi-fresher/.CocosCreator/logs/native.log ]
2021-11-30T04:59:38.624Z - failed: Error: Failed to run project. The log file path [ /Users/fe-thienchi-fresher/.CocosCreator/logs/native.log ]
    at ChildProcess.q (/Applications/CocosCreator.app/Contents/Resources/app.asar/editor/core/native-utils.js:1:21321)
    at ChildProcess.r.on (/Applications/CocosCreator.app/Contents/Resources/app.asar/editor/core/native-utils.js:1:6589)
    at emitTwo (events.js:106:13)
    at ChildProcess.emit (events.js:194:7)
    at maybeClose (internal/child_process.js:899:16)
    at Socket.<anonymous> (internal/child_process.js:342:11)
    at emitOne (events.js:96:13)
    at Socket.emit (events.js:191:7)
    at Pipe._handle.close [as _onclose] (net.js:510:12)
2021-11-30T06:28:21.533Z - error: scene not saved. Please build project after saveing project.
    at Editor.Ipc.sendToPanel (/Applications/CocosCreator.app/Contents/Resources/app.asar/editor/builtin/builder/panel/builder.js:1:7875)
    at EventEmitter.o.on.n (/Applications/CocosCreator.app/Contents/Resources/app.asar/editor-framework/lib/renderer/ipc.js:1:3757)
    at emitMany (events.js:127:13)
    at EventEmitter.emit (events.js:204:7)
2021-11-30T06:28:32.483Z - normal: Checked Python Version [2.7.18]
2021-11-30T06:28:33.724Z - normal: Start to compile native project. Please wait...
2021-11-30T06:28:33.724Z - normal: The log file path [ /Users/fe-thienchi-fresher/.CocosCreator/logs/native.log ]
2021-11-30T06:28:34.992Z - failed: Error: Compile failed. The log file path [ /Users/fe-thienchi-fresher/.CocosCreator/logs/native.log ]
    at ChildProcess.q (/Applications/CocosCreator.app/Contents/Resources/app.asar/editor/core/native-utils.js:1:18946)
    at ChildProcess.r.on (/Applications/CocosCreator.app/Contents/Resources/app.asar/editor/core/native-utils.js:1:6589)
    at emitTwo (events.js:106:13)
    at ChildProcess.emit (events.js:194:7)
    at maybeClose (internal/child_process.js:899:16)
    at Socket.<anonymous> (internal/child_process.js:342:11)
    at emitOne (events.js:96:13)
    at Socket.emit (events.js:191:7)
    at Pipe._handle.close [as _onclose] (net.js:510:12)
2021-11-30T06:28:43.631Z - normal: Checked Python Version [2.7.18]
2021-11-30T06:28:44.811Z - normal: Start to compile native project. Please wait...
2021-11-30T06:28:44.812Z - normal: The log file path [ /Users/fe-thienchi-fresher/.CocosCreator/logs/native.log ]
2021-11-30T06:28:46.055Z - failed: Error: Compile failed. The log file path [ /Users/fe-thienchi-fresher/.CocosCreator/logs/native.log ]
    at ChildProcess.q (/Applications/CocosCreator.app/Contents/Resources/app.asar/editor/core/native-utils.js:1:18946)
    at ChildProcess.r.on (/Applications/CocosCreator.app/Contents/Resources/app.asar/editor/core/native-utils.js:1:6589)
    at emitTwo (events.js:106:13)
    at ChildProcess.emit (events.js:194:7)
    at maybeClose (internal/child_process.js:899:16)
    at Socket.<anonymous> (internal/child_process.js:342:11)
    at emitOne (events.js:96:13)
    at Socket.emit (events.js:191:7)
    at Pipe._handle.close [as _onclose] (net.js:510:12)
2021-11-30T06:31:14.404Z - error: scene not saved. Please build project after saveing project.
    at Editor.Ipc.sendToPanel (/Applications/CocosCreator.app/Contents/Resources/app.asar/editor/builtin/builder/panel/builder.js:1:7875)
    at EventEmitter.o.on.n (/Applications/CocosCreator.app/Contents/Resources/app.asar/editor-framework/lib/renderer/ipc.js:1:3757)
    at emitMany (events.js:127:13)
    at EventEmitter.emit (events.js:204:7)
2021-11-30T06:31:16.135Z - normal: Checked Python Version [2.7.18]
2021-11-30T06:31:17.420Z - normal: Start to compile native project. Please wait...
2021-11-30T06:31:17.420Z - normal: The log file path [ /Users/fe-thienchi-fresher/.CocosCreator/logs/native.log ]
2021-11-30T06:31:18.710Z - failed: Error: Compile failed. The log file path [ /Users/fe-thienchi-fresher/.CocosCreator/logs/native.log ]
    at ChildProcess.q (/Applications/CocosCreator.app/Contents/Resources/app.asar/editor/core/native-utils.js:1:18946)
    at ChildProcess.r.on (/Applications/CocosCreator.app/Contents/Resources/app.asar/editor/core/native-utils.js:1:6589)
    at emitTwo (events.js:106:13)
    at ChildProcess.emit (events.js:194:7)
    at maybeClose (internal/child_process.js:899:16)
    at Socket.<anonymous> (internal/child_process.js:342:11)
    at emitOne (events.js:96:13)
    at Socket.emit (events.js:191:7)
    at Pipe._handle.close [as _onclose] (net.js:510:12)
2021-11-30T06:31:43.250Z - error: scene not saved. Please build project after saveing project.
    at Editor.Ipc.sendToPanel (/Applications/CocosCreator.app/Contents/Resources/app.asar/editor/builtin/builder/panel/builder.js:1:7875)
    at EventEmitter.o.on.n (/Applications/CocosCreator.app/Contents/Resources/app.asar/editor-framework/lib/renderer/ipc.js:1:3757)
    at emitMany (events.js:127:13)
    at EventEmitter.emit (events.js:204:7)
2021-11-30T06:32:24.157Z - normal: Start building with options : {
  "actualPlatform": "android",
  "android-instant": {
    "REMOTE_SERVER_ROOT": "",
    "host": "",
    "pathPattern": "",
    "recordPath": "",
    "scheme": "https",
    "skipRecord": false
  },
  "apiLevel": "",
  "appABIs": [
    "x86"
  ],
  "appBundle": false,
  "baidugame": {
    "REMOTE_SERVER_ROOT": "",
    "appid": "testappid",
    "orientation": "portrait",
    "subContext": ""
  },
  "buildPath": "/Users/fe-thienchi-fresher/HelloWorld/build",
  "debug": false,
  "dest": "/Users/fe-thienchi-fresher/HelloWorld/build/jsb-link",
  "embedWebDebugger": false,
  "encryptJs": true,
  "excludeScenes": [],
  "excludedModules": [],
  "fb-instant-games": {},
  "includeSDKBox": false,
  "inlineSpriteFrames": true,
  "inlineSpriteFrames_native": true,
  "md5Cache": false,
  "mergeStartScene": false,
  "optimizeHotUpdate": false,
  "orientation": {
    "landscapeLeft": true,
    "landscapeRight": true,
    "portrait": false,
    "upsideDown": false
  },
  "packageName": "org.cocos2d.helloworld",
  "platform": "android",
  "previewHeight": "720",
  "previewWidth": "1280",
  "qqplay": {
    "REMOTE_SERVER_ROOT": "",
    "orientation": "portrait",
    "zip": false
  },
  "scenes": [
    "2d2f792f-a40c-49bb-a189-ed176a246e49"
  ],
  "sourceMaps": false,
  "startScene": "2d2f792f-a40c-49bb-a189-ed176a246e49",
  "template": "link",
  "title": "hello_world",
  "useDebugKeystore": true,
  "vsVersion": "auto",
  "webOrientation": "auto",
  "wechatgame": {
    "REMOTE_SERVER_ROOT": "",
    "appid": "wx6ac3f5090a6b99c5",
    "orientation": "portrait",
    "separate_engine": false,
    "subContext": ""
  },
  "xxteaKey": "04e1e896-e966-4a",
  "zipCompressJs": true,
  "project": "/Users/fe-thienchi-fresher/HelloWorld",
  "projectName": "hello_world",
  "debugBuildWorker": false
}
2021-11-30T06:32:24.160Z - normal: Building /Users/fe-thienchi-fresher/HelloWorld
2021-11-30T06:32:24.160Z - normal: Destination /Users/fe-thienchi-fresher/HelloWorld/build/jsb-link
2021-11-30T06:32:24.161Z - normal: Delete /Users/fe-thienchi-fresher/HelloWorld/build/jsb-link/subpackages/**/*,/Users/fe-thienchi-fresher/HelloWorld/build/jsb-link/res/**/*,/Users/fe-thienchi-fresher/HelloWorld/build/jsb-link/src/**/*
2021-11-30T06:32:24.255Z - normal: Checked Python Version [2.7.18]
2021-11-30T06:32:27.496Z - normal: Start building assets
2021-11-30T06:32:27.496Z - normal: Start spawn build-worker
2021-11-30T06:32:28.071Z - normal: Finish spawn build-worker
2021-11-30T06:32:28.071Z - normal: Start init build-worker
2021-11-30T06:32:30.653Z - normal: Finish init build-worker
2021-11-30T06:32:30.653Z - normal: Start build-assets in worker
2021-11-30T06:32:30.804Z - info: Enable "Inline all SpriteFrames" in native platform will increase the package size used in hot update.
2021-11-30T06:32:30.916Z - normal: Finish build-assets in worker
2021-11-30T06:32:30.919Z - normal: Finish building assets
2021-11-30T06:32:30.922Z - normal: Start building plugin scripts
2021-11-30T06:32:30.961Z - normal: Generating main.js from /Applications/CocosCreator.app/Contents/Resources/static/build-templates/shares/main.js
2021-11-30T06:32:31.044Z - normal: Checked Python Version [2.7.18]
2021-11-30T06:32:32.336Z - normal: Built to "/Users/fe-thienchi-fresher/HelloWorld/build/jsb-link" successfully
2021-11-30T06:32:34.649Z - normal: Checked Python Version [2.7.18]
2021-11-30T06:32:35.821Z - normal: Start to compile native project. Please wait...
2021-11-30T06:32:35.822Z - normal: The log file path [ /Users/fe-thienchi-fresher/.CocosCreator/logs/native.log ]
2021-11-30T06:32:37.085Z - failed: Error: Compile failed. The log file path [ /Users/fe-thienchi-fresher/.CocosCreator/logs/native.log ]
    at ChildProcess.q (/Applications/CocosCreator.app/Contents/Resources/app.asar/editor/core/native-utils.js:1:18946)
    at ChildProcess.r.on (/Applications/CocosCreator.app/Contents/Resources/app.asar/editor/core/native-utils.js:1:6589)
    at emitTwo (events.js:106:13)
    at ChildProcess.emit (events.js:194:7)
    at maybeClose (internal/child_process.js:899:16)
    at Socket.<anonymous> (internal/child_process.js:342:11)
    at emitOne (events.js:96:13)
    at Socket.emit (events.js:191:7)
    at Pipe._handle.close [as _onclose] (net.js:510:12)
2021-11-30T06:50:14.358Z - normal: Checked Python Version [2.7.18]
2021-11-30T06:50:15.608Z - normal: Start to compile native project. Please wait...
2021-11-30T06:50:15.608Z - normal: The log file path [ /Users/fe-thienchi-fresher/.CocosCreator/logs/native.log ]
2021-11-30T06:50:16.887Z - failed: Error: Compile failed. The log file path [ /Users/fe-thienchi-fresher/.CocosCreator/logs/native.log ]
    at ChildProcess.q (/Applications/CocosCreator.app/Contents/Resources/app.asar/editor/core/native-utils.js:1:18946)
    at ChildProcess.r.on (/Applications/CocosCreator.app/Contents/Resources/app.asar/editor/core/native-utils.js:1:6589)
    at emitTwo (events.js:106:13)
    at ChildProcess.emit (events.js:194:7)
    at maybeClose (internal/child_process.js:899:16)
    at Socket.<anonymous> (internal/child_process.js:342:11)
    at emitOne (events.js:96:13)
    at Socket.emit (events.js:191:7)
    at Pipe._handle.close [as _onclose] (net.js:510:12)
2021-11-30T06:50:27.880Z - normal: Checked Python Version [2.7.18]
2021-11-30T06:50:29.059Z - normal: Start to compile native project. Please wait...
2021-11-30T06:50:29.059Z - normal: The log file path [ /Users/fe-thienchi-fresher/.CocosCreator/logs/native.log ]
2021-11-30T06:50:30.307Z - failed: Error: Compile failed. The log file path [ /Users/fe-thienchi-fresher/.CocosCreator/logs/native.log ]
    at ChildProcess.q (/Applications/CocosCreator.app/Contents/Resources/app.asar/editor/core/native-utils.js:1:18946)
    at ChildProcess.r.on (/Applications/CocosCreator.app/Contents/Resources/app.asar/editor/core/native-utils.js:1:6589)
    at emitTwo (events.js:106:13)
    at ChildProcess.emit (events.js:194:7)
    at maybeClose (internal/child_process.js:899:16)
    at Socket.<anonymous> (internal/child_process.js:342:11)
    at emitOne (events.js:96:13)
    at Socket.emit (events.js:191:7)
    at Pipe._handle.close [as _onclose] (net.js:510:12)
2021-11-30T07:24:11.066Z - normal: Start building with options : {
  "actualPlatform": "android",
  "android-instant": {
    "REMOTE_SERVER_ROOT": "",
    "host": "",
    "pathPattern": "",
    "recordPath": "",
    "scheme": "https",
    "skipRecord": false
  },
  "apiLevel": "",
  "appABIs": [
    "x86"
  ],
  "appBundle": false,
  "baidugame": {
    "REMOTE_SERVER_ROOT": "",
    "appid": "testappid",
    "orientation": "portrait",
    "subContext": ""
  },
  "buildPath": "/Users/fe-thienchi-fresher/HelloWorld/build",
  "debug": false,
  "dest": "/Users/fe-thienchi-fresher/HelloWorld/build/jsb-link",
  "embedWebDebugger": false,
  "encryptJs": true,
  "excludeScenes": [],
  "excludedModules": [],
  "fb-instant-games": {},
  "includeSDKBox": false,
  "inlineSpriteFrames": true,
  "inlineSpriteFrames_native": true,
  "md5Cache": false,
  "mergeStartScene": false,
  "optimizeHotUpdate": false,
  "orientation": {
    "landscapeLeft": true,
    "landscapeRight": true,
    "portrait": false,
    "upsideDown": false
  },
  "packageName": "org.cocos2d.helloworld",
  "platform": "android",
  "previewHeight": "720",
  "previewWidth": "1280",
  "qqplay": {
    "REMOTE_SERVER_ROOT": "",
    "orientation": "portrait",
    "zip": false
  },
  "scenes": [
    "2d2f792f-a40c-49bb-a189-ed176a246e49"
  ],
  "sourceMaps": false,
  "startScene": "2d2f792f-a40c-49bb-a189-ed176a246e49",
  "template": "link",
  "title": "hello_world",
  "useDebugKeystore": true,
  "vsVersion": "auto",
  "webOrientation": "auto",
  "wechatgame": {
    "REMOTE_SERVER_ROOT": "",
    "appid": "wx6ac3f5090a6b99c5",
    "orientation": "portrait",
    "separate_engine": false,
    "subContext": ""
  },
  "xxteaKey": "04e1e896-e966-4a",
  "zipCompressJs": true,
  "project": "/Users/fe-thienchi-fresher/HelloWorld",
  "projectName": "hello_world",
  "debugBuildWorker": false
}
2021-11-30T07:24:11.072Z - normal: Building /Users/fe-thienchi-fresher/HelloWorld
2021-11-30T07:24:11.072Z - normal: Destination /Users/fe-thienchi-fresher/HelloWorld/build/jsb-link
2021-11-30T07:24:11.074Z - normal: Delete /Users/fe-thienchi-fresher/HelloWorld/build/jsb-link/subpackages/**/*,/Users/fe-thienchi-fresher/HelloWorld/build/jsb-link/res/**/*,/Users/fe-thienchi-fresher/HelloWorld/build/jsb-link/src/**/*
2021-11-30T07:24:11.237Z - normal: Checked Python Version [2.7.18]
2021-11-30T07:24:15.389Z - normal: Start building assets
2021-11-30T07:24:15.390Z - normal: Start spawn build-worker
2021-11-30T07:24:16.211Z - normal: Finish spawn build-worker
2021-11-30T07:24:16.211Z - normal: Start init build-worker
2021-11-30T07:24:19.418Z - normal: Finish init build-worker
2021-11-30T07:24:19.419Z - normal: Start build-assets in worker
2021-11-30T07:24:20.120Z - info: Enable "Inline all SpriteFrames" in native platform will increase the package size used in hot update.
2021-11-30T07:24:20.275Z - normal: Finish build-assets in worker
2021-11-30T07:24:20.281Z - normal: Finish building assets
2021-11-30T07:24:20.290Z - normal: Start building plugin scripts
2021-11-30T07:24:20.371Z - normal: Generating main.js from /Applications/CocosCreator.app/Contents/Resources/static/build-templates/shares/main.js
2021-11-30T07:24:20.473Z - normal: Checked Python Version [2.7.18]
2021-11-30T07:24:21.854Z - normal: Built to "/Users/fe-thienchi-fresher/HelloWorld/build/jsb-link" successfully
2021-11-30T07:24:27.115Z - normal: Checked Python Version [2.7.18]
2021-11-30T07:24:28.353Z - normal: Start to compile native project. Please wait...
2021-11-30T07:24:28.354Z - normal: The log file path [ /Users/fe-thienchi-fresher/.CocosCreator/logs/native.log ]
2021-11-30T07:24:29.707Z - failed: Error: Compile failed. The log file path [ /Users/fe-thienchi-fresher/.CocosCreator/logs/native.log ]
    at ChildProcess.q (/Applications/CocosCreator.app/Contents/Resources/app.asar/editor/core/native-utils.js:1:18946)
    at ChildProcess.r.on (/Applications/CocosCreator.app/Contents/Resources/app.asar/editor/core/native-utils.js:1:6589)
    at emitTwo (events.js:106:13)
    at ChildProcess.emit (events.js:194:7)
    at maybeClose (internal/child_process.js:899:16)
    at Socket.<anonymous> (internal/child_process.js:342:11)
    at emitOne (events.js:96:13)
    at Socket.emit (events.js:191:7)
    at Pipe._handle.close [as _onclose] (net.js:510:12)
2021-11-30T07:35:38.504Z - normal: Start building with options : {
  "actualPlatform": "android",
  "android-instant": {
    "REMOTE_SERVER_ROOT": "",
    "host": "",
    "pathPattern": "",
    "recordPath": "",
    "scheme": "https",
    "skipRecord": false
  },
  "apiLevel": "",
  "appABIs": [
    "x86"
  ],
  "appBundle": false,
  "baidugame": {
    "REMOTE_SERVER_ROOT": "",
    "appid": "testappid",
    "orientation": "portrait",
    "subContext": ""
  },
  "buildPath": "/Users/fe-thienchi-fresher/HelloWorld/build",
  "debug": false,
  "dest": "/Users/fe-thienchi-fresher/HelloWorld/build/jsb-link",
  "embedWebDebugger": false,
  "encryptJs": true,
  "excludeScenes": [],
  "excludedModules": [],
  "fb-instant-games": {},
  "includeSDKBox": false,
  "inlineSpriteFrames": true,
  "inlineSpriteFrames_native": true,
  "md5Cache": false,
  "mergeStartScene": false,
  "optimizeHotUpdate": false,
  "orientation": {
    "landscapeLeft": true,
    "landscapeRight": true,
    "portrait": false,
    "upsideDown": false
  },
  "packageName": "org.cocos2d.helloworld",
  "platform": "android",
  "previewHeight": "720",
  "previewWidth": "1280",
  "qqplay": {
    "REMOTE_SERVER_ROOT": "",
    "orientation": "portrait",
    "zip": false
  },
  "scenes": [
    "2d2f792f-a40c-49bb-a189-ed176a246e49"
  ],
  "sourceMaps": false,
  "startScene": "2d2f792f-a40c-49bb-a189-ed176a246e49",
  "template": "link",
  "title": "hello_world",
  "useDebugKeystore": true,
  "vsVersion": "auto",
  "webOrientation": "auto",
  "wechatgame": {
    "REMOTE_SERVER_ROOT": "",
    "appid": "wx6ac3f5090a6b99c5",
    "orientation": "portrait",
    "separate_engine": false,
    "subContext": ""
  },
  "xxteaKey": "04e1e896-e966-4a",
  "zipCompressJs": true,
  "project": "/Users/fe-thienchi-fresher/HelloWorld",
  "projectName": "hello_world",
  "debugBuildWorker": false
}
2021-11-30T07:35:38.508Z - normal: Building /Users/fe-thienchi-fresher/HelloWorld
2021-11-30T07:35:38.508Z - normal: Destination /Users/fe-thienchi-fresher/HelloWorld/build/jsb-link
2021-11-30T07:35:38.510Z - normal: Delete /Users/fe-thienchi-fresher/HelloWorld/build/jsb-link/subpackages/**/*,/Users/fe-thienchi-fresher/HelloWorld/build/jsb-link/res/**/*,/Users/fe-thienchi-fresher/HelloWorld/build/jsb-link/src/**/*
2021-11-30T07:35:38.609Z - normal: Checked Python Version [2.7.18]
2021-11-30T07:35:41.874Z - normal: Start building assets
2021-11-30T07:35:41.874Z - normal: Start spawn build-worker
2021-11-30T07:35:42.444Z - normal: Finish spawn build-worker
2021-11-30T07:35:42.445Z - normal: Start init build-worker
2021-11-30T07:35:45.028Z - normal: Finish init build-worker
2021-11-30T07:35:45.028Z - normal: Start build-assets in worker
2021-11-30T07:35:45.181Z - info: Enable "Inline all SpriteFrames" in native platform will increase the package size used in hot update.
2021-11-30T07:35:45.295Z - normal: Finish build-assets in worker
2021-11-30T07:35:45.297Z - normal: Finish building assets
2021-11-30T07:35:45.302Z - normal: Start building plugin scripts
2021-11-30T07:35:45.343Z - normal: Generating main.js from /Applications/CocosCreator.app/Contents/Resources/static/build-templates/shares/main.js
2021-11-30T07:35:45.429Z - normal: Checked Python Version [2.7.18]
2021-11-30T07:35:46.705Z - normal: Built to "/Users/fe-thienchi-fresher/HelloWorld/build/jsb-link" successfully
2021-11-30T07:37:04.952Z - normal: Start building with options : {
  "actualPlatform": "android",
  "android-instant": {
    "REMOTE_SERVER_ROOT": "",
    "host": "",
    "pathPattern": "",
    "recordPath": "",
    "scheme": "https",
    "skipRecord": false
  },
  "apiLevel": "android-31",
  "appABIs": [
    "x86"
  ],
  "appBundle": false,
  "baidugame": {
    "REMOTE_SERVER_ROOT": "",
    "appid": "testappid",
    "orientation": "portrait",
    "subContext": ""
  },
  "buildPath": "/Users/fe-thienchi-fresher/HelloWorld/build",
  "debug": false,
  "dest": "/Users/fe-thienchi-fresher/HelloWorld/build/jsb-link",
  "embedWebDebugger": false,
  "encryptJs": true,
  "excludeScenes": [],
  "excludedModules": [],
  "fb-instant-games": {},
  "includeSDKBox": false,
  "inlineSpriteFrames": true,
  "inlineSpriteFrames_native": true,
  "md5Cache": false,
  "mergeStartScene": false,
  "optimizeHotUpdate": false,
  "orientation": {
    "landscapeLeft": true,
    "landscapeRight": true,
    "portrait": false,
    "upsideDown": false
  },
  "packageName": "org.cocos2d.helloworld",
  "platform": "android",
  "previewHeight": "720",
  "previewWidth": "1280",
  "qqplay": {
    "REMOTE_SERVER_ROOT": "",
    "orientation": "portrait",
    "zip": false
  },
  "scenes": [
    "2d2f792f-a40c-49bb-a189-ed176a246e49"
  ],
  "sourceMaps": false,
  "startScene": "2d2f792f-a40c-49bb-a189-ed176a246e49",
  "template": "link",
  "title": "hello_world",
  "useDebugKeystore": true,
  "vsVersion": "auto",
  "webOrientation": "auto",
  "wechatgame": {
    "REMOTE_SERVER_ROOT": "",
    "appid": "wx6ac3f5090a6b99c5",
    "orientation": "portrait",
    "separate_engine": false,
    "subContext": ""
  },
  "xxteaKey": "04e1e896-e966-4a",
  "zipCompressJs": true,
  "project": "/Users/fe-thienchi-fresher/HelloWorld",
  "projectName": "hello_world",
  "debugBuildWorker": false
}
2021-11-30T07:37:04.952Z - normal: Building /Users/fe-thienchi-fresher/HelloWorld
2021-11-30T07:37:04.952Z - normal: Destination /Users/fe-thienchi-fresher/HelloWorld/build/jsb-link
2021-11-30T07:37:04.954Z - normal: Delete /Users/fe-thienchi-fresher/HelloWorld/build/jsb-link/subpackages/**/*,/Users/fe-thienchi-fresher/HelloWorld/build/jsb-link/res/**/*,/Users/fe-thienchi-fresher/HelloWorld/build/jsb-link/src/**/*
2021-11-30T07:37:05.026Z - normal: Checked Python Version [2.7.18]
2021-11-30T07:37:08.054Z - normal: Start building assets
2021-11-30T07:37:08.055Z - normal: Start spawn build-worker
2021-11-30T07:37:08.602Z - normal: Finish spawn build-worker
2021-11-30T07:37:08.602Z - normal: Start init build-worker
2021-11-30T07:37:10.838Z - normal: Finish init build-worker
2021-11-30T07:37:10.839Z - normal: Start build-assets in worker
2021-11-30T07:37:10.986Z - info: Enable "Inline all SpriteFrames" in native platform will increase the package size used in hot update.
2021-11-30T07:37:11.086Z - normal: Finish build-assets in worker
2021-11-30T07:37:11.096Z - normal: Finish building assets
2021-11-30T07:37:11.099Z - normal: Start building plugin scripts
2021-11-30T07:37:11.142Z - normal: Generating main.js from /Applications/CocosCreator.app/Contents/Resources/static/build-templates/shares/main.js
2021-11-30T07:37:11.219Z - normal: Checked Python Version [2.7.18]
2021-11-30T07:37:12.529Z - normal: Built to "/Users/fe-thienchi-fresher/HelloWorld/build/jsb-link" successfully
2021-11-30T07:37:15.931Z - normal: Checked Python Version [2.7.18]
2021-11-30T07:37:17.115Z - normal: Start to compile native project. Please wait...
2021-11-30T07:37:17.115Z - normal: The log file path [ /Users/fe-thienchi-fresher/.CocosCreator/logs/native.log ]
2021-11-30T07:37:50.547Z - failed: Error: Compile failed. The log file path [ /Users/fe-thienchi-fresher/.CocosCreator/logs/native.log ]
    at ChildProcess.q (/Applications/CocosCreator.app/Contents/Resources/app.asar/editor/core/native-utils.js:1:18946)
    at ChildProcess.r.on (/Applications/CocosCreator.app/Contents/Resources/app.asar/editor/core/native-utils.js:1:6589)
    at emitTwo (events.js:106:13)
    at ChildProcess.emit (events.js:194:7)
    at maybeClose (internal/child_process.js:899:16)
    at Socket.<anonymous> (internal/child_process.js:342:11)
    at emitOne (events.js:96:13)
    at Socket.emit (events.js:191:7)
    at Pipe._handle.close [as _onclose] (net.js:510:12)
2021-11-30T08:40:40.214Z - normal: Checked Python Version [2.7.18]
2021-11-30T08:40:41.462Z - normal: Start to compile native project. Please wait...
2021-11-30T08:40:41.463Z - normal: The log file path [ /Users/fe-thienchi-fresher/.CocosCreator/logs/native.log ]
2021-11-30T08:40:42.873Z - failed: Error: Compile failed. The log file path [ /Users/fe-thienchi-fresher/.CocosCreator/logs/native.log ]
    at ChildProcess.q (/Applications/CocosCreator.app/Contents/Resources/app.asar/editor/core/native-utils.js:1:18946)
    at ChildProcess.r.on (/Applications/CocosCreator.app/Contents/Resources/app.asar/editor/core/native-utils.js:1:6589)
    at emitTwo (events.js:106:13)
    at ChildProcess.emit (events.js:194:7)
    at maybeClose (internal/child_process.js:899:16)
    at Socket.<anonymous> (internal/child_process.js:342:11)
    at emitOne (events.js:96:13)
    at Socket.emit (events.js:191:7)
    at Pipe._handle.close [as _onclose] (net.js:510:12)
2021-11-30T09:40:52.785Z - normal: Checked Python Version [2.7.18]
2021-11-30T09:40:54.036Z - normal: Start to compile native project. Please wait...
2021-11-30T09:40:54.036Z - normal: The log file path [ /Users/fe-thienchi-fresher/.CocosCreator/logs/native.log ]
2021-11-30T09:40:55.346Z - failed: Error: Compile failed. The log file path [ /Users/fe-thienchi-fresher/.CocosCreator/logs/native.log ]
    at ChildProcess.q (/Applications/CocosCreator.app/Contents/Resources/app.asar/editor/core/native-utils.js:1:18946)
    at ChildProcess.r.on (/Applications/CocosCreator.app/Contents/Resources/app.asar/editor/core/native-utils.js:1:6589)
    at emitTwo (events.js:106:13)
    at ChildProcess.emit (events.js:194:7)
    at maybeClose (internal/child_process.js:899:16)
    at Socket.<anonymous> (internal/child_process.js:342:11)
    at emitOne (events.js:96:13)
    at Socket.emit (events.js:191:7)
    at Pipe._handle.close [as _onclose] (net.js:510:12)
2021-11-30T09:57:05.150Z - normal: Start building with options : {
  "actualPlatform": "android",
  "android-instant": {
    "REMOTE_SERVER_ROOT": "",
    "host": "",
    "pathPattern": "",
    "recordPath": "",
    "scheme": "https",
    "skipRecord": false
  },
  "apiLevel": "android-31",
  "appABIs": [
    "x86",
    "armeabi-v7a",
    "arm64-v8a"
  ],
  "appBundle": false,
  "baidugame": {
    "REMOTE_SERVER_ROOT": "",
    "appid": "testappid",
    "orientation": "portrait",
    "subContext": ""
  },
  "buildPath": "/Users/fe-thienchi-fresher/HelloWorld/build",
  "debug": false,
  "dest": "/Users/fe-thienchi-fresher/HelloWorld/build/jsb-default",
  "embedWebDebugger": false,
  "encryptJs": true,
  "excludeScenes": [],
  "excludedModules": [],
  "fb-instant-games": {},
  "includeSDKBox": false,
  "inlineSpriteFrames": true,
  "inlineSpriteFrames_native": true,
  "md5Cache": false,
  "mergeStartScene": false,
  "optimizeHotUpdate": false,
  "orientation": {
    "landscapeLeft": true,
    "landscapeRight": true,
    "portrait": false,
    "upsideDown": false
  },
  "packageName": "org.cocos2d.helloworld",
  "platform": "android",
  "previewHeight": "720",
  "previewWidth": "1280",
  "qqplay": {
    "REMOTE_SERVER_ROOT": "",
    "orientation": "portrait",
    "zip": false
  },
  "scenes": [
    "2d2f792f-a40c-49bb-a189-ed176a246e49"
  ],
  "sourceMaps": false,
  "startScene": "2d2f792f-a40c-49bb-a189-ed176a246e49",
  "template": "default",
  "title": "hello_world",
  "useDebugKeystore": true,
  "vsVersion": "auto",
  "webOrientation": "auto",
  "wechatgame": {
    "REMOTE_SERVER_ROOT": "",
    "appid": "wx6ac3f5090a6b99c5",
    "orientation": "portrait",
    "separate_engine": false,
    "subContext": ""
  },
  "xxteaKey": "04e1e896-e966-4a",
  "zipCompressJs": true,
  "project": "/Users/fe-thienchi-fresher/HelloWorld",
  "projectName": "hello_world",
  "debugBuildWorker": false
}
2021-11-30T09:57:05.154Z - normal: Building /Users/fe-thienchi-fresher/HelloWorld
2021-11-30T09:57:05.154Z - normal: Destination /Users/fe-thienchi-fresher/HelloWorld/build/jsb-default
2021-11-30T09:57:05.155Z - normal: Delete /Users/fe-thienchi-fresher/HelloWorld/build/jsb-default/subpackages/**/*,/Users/fe-thienchi-fresher/HelloWorld/build/jsb-default/res/**/*,/Users/fe-thienchi-fresher/HelloWorld/build/jsb-default/src/**/*
2021-11-30T09:57:05.236Z - normal: Checked Python Version [2.7.18]
2021-11-30T09:57:06.488Z - normal: Creating native cocos project to  /Users/fe-thienchi-fresher/HelloWorld/build/jsb-default
2021-11-30T09:57:14.418Z - normal: Start building assets
2021-11-30T09:57:14.419Z - normal: Start spawn build-worker
2021-11-30T09:57:15.095Z - normal: Finish spawn build-worker
2021-11-30T09:57:15.095Z - normal: Start init build-worker
2021-11-30T09:57:18.030Z - normal: Finish init build-worker
2021-11-30T09:57:18.030Z - normal: Start build-assets in worker
2021-11-30T09:57:18.210Z - info: Enable "Inline all SpriteFrames" in native platform will increase the package size used in hot update.
2021-11-30T09:57:18.331Z - normal: Finish build-assets in worker
2021-11-30T09:57:18.334Z - normal: Finish building assets
2021-11-30T09:57:18.339Z - normal: Start building plugin scripts
2021-11-30T09:57:18.377Z - normal: Generating main.js from /Applications/CocosCreator.app/Contents/Resources/static/build-templates/shares/main.js
2021-11-30T09:57:18.473Z - normal: Checked Python Version [2.7.18]
2021-11-30T09:57:19.854Z - normal: Built to "/Users/fe-thienchi-fresher/HelloWorld/build/jsb-default" successfully
2021-11-30T09:57:21.434Z - normal: Checked Python Version [2.7.18]
2021-11-30T09:57:22.663Z - normal: Start to compile native project. Please wait...
2021-11-30T09:57:22.664Z - normal: The log file path [ /Users/fe-thienchi-fresher/.CocosCreator/logs/native.log ]
2021-11-30T09:57:24.880Z - failed: Error: Compile failed. The log file path [ /Users/fe-thienchi-fresher/.CocosCreator/logs/native.log ]
    at ChildProcess.q (/Applications/CocosCreator.app/Contents/Resources/app.asar/editor/core/native-utils.js:1:18946)
    at ChildProcess.r.on (/Applications/CocosCreator.app/Contents/Resources/app.asar/editor/core/native-utils.js:1:6589)
    at emitTwo (events.js:106:13)
    at ChildProcess.emit (events.js:194:7)
    at maybeClose (internal/child_process.js:899:16)
    at Socket.<anonymous> (internal/child_process.js:342:11)
    at emitOne (events.js:96:13)
    at Socket.emit (events.js:191:7)
    at Pipe._handle.close [as _onclose] (net.js:510:12)
2021-12-01T02:19:14.313Z - error: Can't init canvas 'canvas' because it conflicts with the existing 'Canvas', the scene should only have one active canvas at the same time
    at Object.cc.errorID (/Applications/CocosCreator.app/Contents/Resources/engine/bin/.cache/dev/cocos2d/core/CCDebug.js:167:16)
    at cc_Canvas.__preload (/Applications/CocosCreator.app/Contents/Resources/engine/bin/.cache/dev/cocos2d/core/components/CCCanvas.js:82:31)
    at eval (eval at createInvokeImpl (/Applications/CocosCreator.app/Contents/Resources/engine/bin/.cache/dev/cocos2d/core/component-scheduler.js:1:1), <anonymous>:3:65)
    at CCClass._invoke (/Applications/CocosCreator.app/Contents/Resources/engine/bin/.cache/dev/cocos2d/core/component-scheduler.js:165:21)
    at CCClass.invoke (/Applications/CocosCreator.app/Contents/Resources/engine/bin/.cache/dev/cocos2d/core/node-activator.js:50:22)
    at CCClass.activateNode (/Applications/CocosCreator.app/Contents/Resources/engine/bin/.cache/dev/cocos2d/core/node-activator.js:184:34)
    at cc_Node._onHierarchyChanged (/Applications/CocosCreator.app/Contents/Resources/engine/bin/.cache/dev/cocos2d/core/utils/base-node.js:623:48)
    at cc_Node._onHierarchyChanged (/Applications/CocosCreator.app/Contents/Resources/engine/bin/.cache/dev/cocos2d/core/CCNode.js:726:22)
    at cc_Node.setParent (/Applications/CocosCreator.app/Contents/Resources/engine/bin/.cache/dev/cocos2d/core/utils/base-node.js:219:26)
2021-12-01T02:19:31.473Z - normal: Start building with options : {
  "actualPlatform": "web-desktop",
  "android-instant": {
    "REMOTE_SERVER_ROOT": "",
    "host": "",
    "pathPattern": "",
    "recordPath": "",
    "scheme": "https",
    "skipRecord": false
  },
  "apiLevel": "android-31",
  "appABIs": [
    "x86",
    "armeabi-v7a",
    "arm64-v8a"
  ],
  "appBundle": false,
  "baidugame": {
    "REMOTE_SERVER_ROOT": "",
    "appid": "testappid",
    "orientation": "portrait",
    "subContext": ""
  },
  "buildPath": "/Users/fe-thienchi-fresher/HelloWorld/build",
  "debug": false,
  "dest": "/Users/fe-thienchi-fresher/HelloWorld/build/web-desktop",
  "embedWebDebugger": false,
  "encryptJs": true,
  "excludeScenes": [],
  "excludedModules": [],
  "fb-instant-games": {},
  "includeSDKBox": false,
  "inlineSpriteFrames": true,
  "inlineSpriteFrames_native": true,
  "md5Cache": false,
  "mergeStartScene": false,
  "optimizeHotUpdate": false,
  "orientation": {
    "landscapeLeft": true,
    "landscapeRight": true,
    "portrait": false,
    "upsideDown": false
  },
  "packageName": "org.cocos2d.helloworld",
  "platform": "web-desktop",
  "previewHeight": "720",
  "previewWidth": "1280",
  "qqplay": {
    "REMOTE_SERVER_ROOT": "",
    "orientation": "portrait",
    "zip": false
  },
  "scenes": [
    "2d2f792f-a40c-49bb-a189-ed176a246e49"
  ],
  "sourceMaps": false,
  "startScene": "2d2f792f-a40c-49bb-a189-ed176a246e49",
  "template": "default",
  "title": "hello_world",
  "useDebugKeystore": true,
  "vsVersion": "auto",
  "webOrientation": "auto",
  "wechatgame": {
    "REMOTE_SERVER_ROOT": "",
    "appid": "wx6ac3f5090a6b99c5",
    "orientation": "portrait",
    "separate_engine": false,
    "subContext": ""
  },
  "xxteaKey": "04e1e896-e966-4a",
  "zipCompressJs": true,
  "project": "/Users/fe-thienchi-fresher/HelloWorld",
  "projectName": "hello_world",
  "debugBuildWorker": false
}
2021-12-01T02:19:31.475Z - normal: Building /Users/fe-thienchi-fresher/HelloWorld
2021-12-01T02:19:31.476Z - normal: Destination /Users/fe-thienchi-fresher/HelloWorld/build/web-desktop
2021-12-01T02:19:31.477Z - normal: Delete /Users/fe-thienchi-fresher/HelloWorld/build/web-desktop/subpackages/**/*,/Users/fe-thienchi-fresher/HelloWorld/build/web-desktop/**/*
2021-12-01T02:19:33.188Z - normal: Start building assets
2021-12-01T02:19:33.189Z - normal: Start spawn build-worker
2021-12-01T02:19:33.773Z - normal: Finish spawn build-worker
2021-12-01T02:19:33.773Z - normal: Start init build-worker
2021-12-01T02:19:36.537Z - normal: Finish init build-worker
2021-12-01T02:19:36.537Z - normal: Start build-assets in worker
2021-12-01T02:19:36.814Z - normal: Finish build-assets in worker
2021-12-01T02:19:36.817Z - normal: Finish building assets
2021-12-01T02:19:36.821Z - normal: Start building plugin scripts
2021-12-01T02:19:36.863Z - normal: Generating main.js from /Applications/CocosCreator.app/Contents/Resources/static/build-templates/shares/main.js
2021-12-01T02:19:36.871Z - normal: Generating html from /Applications/CocosCreator.app/Contents/Resources/static/build-templates/web-desktop/template/index.html
2021-12-01T02:19:36.884Z - normal: Built to "/Users/fe-thienchi-fresher/HelloWorld/build/web-desktop" successfully
2021-12-01T02:47:14.258Z - normal: Start building with options : {
  "actualPlatform": "android",
  "android-instant": {
    "REMOTE_SERVER_ROOT": "",
    "host": "",
    "pathPattern": "",
    "recordPath": "",
    "scheme": "https",
    "skipRecord": false
  },
  "apiLevel": "android-31",
  "appABIs": [
    "x86",
    "armeabi-v7a",
    "arm64-v8a"
  ],
  "appBundle": false,
  "baidugame": {
    "REMOTE_SERVER_ROOT": "",
    "appid": "testappid",
    "orientation": "portrait",
    "subContext": ""
  },
  "buildPath": "/Users/fe-thienchi-fresher/HelloWorld/build",
  "debug": false,
  "dest": "/Users/fe-thienchi-fresher/HelloWorld/build/jsb-link",
  "embedWebDebugger": false,
  "encryptJs": true,
  "excludeScenes": [],
  "excludedModules": [],
  "fb-instant-games": {},
  "includeSDKBox": false,
  "inlineSpriteFrames": true,
  "inlineSpriteFrames_native": true,
  "md5Cache": false,
  "mergeStartScene": false,
  "optimizeHotUpdate": false,
  "orientation": {
    "landscapeLeft": true,
    "landscapeRight": true,
    "portrait": false,
    "upsideDown": false
  },
  "packageName": "org.cocos2d.helloworld",
  "platform": "android",
  "previewHeight": "720",
  "previewWidth": "1280",
  "qqplay": {
    "REMOTE_SERVER_ROOT": "",
    "orientation": "portrait",
    "zip": false
  },
  "scenes": [
    "2d2f792f-a40c-49bb-a189-ed176a246e49"
  ],
  "sourceMaps": false,
  "startScene": "2d2f792f-a40c-49bb-a189-ed176a246e49",
  "template": "link",
  "title": "hello_world",
  "useDebugKeystore": true,
  "vsVersion": "auto",
  "webOrientation": "auto",
  "wechatgame": {
    "REMOTE_SERVER_ROOT": "",
    "appid": "wx6ac3f5090a6b99c5",
    "orientation": "portrait",
    "separate_engine": false,
    "subContext": ""
  },
  "xxteaKey": "04e1e896-e966-4a",
  "zipCompressJs": true,
  "project": "/Users/fe-thienchi-fresher/HelloWorld",
  "projectName": "hello_world",
  "debugBuildWorker": false
}
2021-12-01T02:47:14.263Z - normal: Building /Users/fe-thienchi-fresher/HelloWorld
2021-12-01T02:47:14.264Z - normal: Destination /Users/fe-thienchi-fresher/HelloWorld/build/jsb-link
2021-12-01T02:47:14.265Z - normal: Delete /Users/fe-thienchi-fresher/HelloWorld/build/jsb-link/subpackages/**/*,/Users/fe-thienchi-fresher/HelloWorld/build/jsb-link/res/**/*,/Users/fe-thienchi-fresher/HelloWorld/build/jsb-link/src/**/*
2021-12-01T02:47:14.373Z - normal: Checked Python Version [2.7.18]
2021-12-01T02:47:17.565Z - normal: Start building assets
2021-12-01T02:47:17.566Z - normal: Start spawn build-worker
2021-12-01T02:47:18.109Z - normal: Finish spawn build-worker
2021-12-01T02:47:18.109Z - normal: Start init build-worker
2021-12-01T02:47:20.304Z - normal: Finish init build-worker
2021-12-01T02:47:20.304Z - normal: Start build-assets in worker
2021-12-01T02:47:20.406Z - info: Enable "Inline all SpriteFrames" in native platform will increase the package size used in hot update.
2021-12-01T02:47:20.507Z - normal: Finish build-assets in worker
2021-12-01T02:47:20.509Z - normal: Finish building assets
2021-12-01T02:47:20.515Z - normal: Start building plugin scripts
2021-12-01T02:47:20.554Z - normal: Generating main.js from /Applications/CocosCreator.app/Contents/Resources/static/build-templates/shares/main.js
2021-12-01T02:47:20.628Z - normal: Checked Python Version [2.7.18]
2021-12-01T02:47:21.889Z - normal: Built to "/Users/fe-thienchi-fresher/HelloWorld/build/jsb-link" successfully
2021-12-01T02:47:24.069Z - normal: Checked Python Version [2.7.18]
2021-12-01T02:47:25.246Z - normal: Start to compile native project. Please wait...
2021-12-01T02:47:25.247Z - normal: The log file path [ /Users/fe-thienchi-fresher/.CocosCreator/logs/native.log ]
2021-12-01T02:47:26.992Z - failed: Error: Compile failed. The log file path [ /Users/fe-thienchi-fresher/.CocosCreator/logs/native.log ]
    at ChildProcess.q (/Applications/CocosCreator.app/Contents/Resources/app.asar/editor/core/native-utils.js:1:18946)
    at ChildProcess.r.on (/Applications/CocosCreator.app/Contents/Resources/app.asar/editor/core/native-utils.js:1:6589)
    at emitTwo (events.js:106:13)
    at ChildProcess.emit (events.js:194:7)
    at maybeClose (internal/child_process.js:899:16)
    at Socket.<anonymous> (internal/child_process.js:342:11)
    at emitOne (events.js:96:13)
    at Socket.emit (events.js:191:7)
    at Pipe._handle.close [as _onclose] (net.js:510:12)
2021-12-01T02:57:55.392Z - normal: Checked Python Version [2.7.18]
2021-12-01T02:57:56.579Z - normal: Start to compile native project. Please wait...
2021-12-01T02:57:56.579Z - normal: The log file path [ /Users/fe-thienchi-fresher/.CocosCreator/logs/native.log ]
2021-12-01T02:58:02.626Z - failed: Error: Compile failed. The log file path [ /Users/fe-thienchi-fresher/.CocosCreator/logs/native.log ]
    at ChildProcess.q (/Applications/CocosCreator.app/Contents/Resources/app.asar/editor/core/native-utils.js:1:18946)
    at ChildProcess.r.on (/Applications/CocosCreator.app/Contents/Resources/app.asar/editor/core/native-utils.js:1:6589)
    at emitTwo (events.js:106:13)
    at ChildProcess.emit (events.js:194:7)
    at maybeClose (internal/child_process.js:899:16)
    at Socket.<anonymous> (internal/child_process.js:342:11)
    at emitOne (events.js:96:13)
    at Socket.emit (events.js:191:7)
    at Pipe._handle.close [as _onclose] (net.js:510:12)
2021-12-01T06:22:35.433Z - normal: Start building with options : {
  "actualPlatform": "web-desktop",
  "android-instant": {
    "REMOTE_SERVER_ROOT": "",
    "host": "",
    "pathPattern": "",
    "recordPath": "",
    "scheme": "https",
    "skipRecord": false
  },
  "apiLevel": "android-31",
  "appABIs": [
    "x86",
    "armeabi-v7a",
    "arm64-v8a"
  ],
  "appBundle": false,
  "baidugame": {
    "REMOTE_SERVER_ROOT": "",
    "appid": "testappid",
    "orientation": "portrait",
    "subContext": ""
  },
  "buildPath": "/Users/fe-thienchi-fresher/HelloWorld/build",
  "debug": false,
  "dest": "/Users/fe-thienchi-fresher/HelloWorld/build/web-desktop",
  "embedWebDebugger": false,
  "encryptJs": true,
  "excludeScenes": [],
  "excludedModules": [],
  "fb-instant-games": {},
  "includeSDKBox": false,
  "inlineSpriteFrames": true,
  "inlineSpriteFrames_native": true,
  "md5Cache": false,
  "mergeStartScene": false,
  "optimizeHotUpdate": false,
  "orientation": {
    "landscapeLeft": true,
    "landscapeRight": true,
    "portrait": false,
    "upsideDown": false
  },
  "packageName": "org.cocos2d.helloworld",
  "platform": "web-desktop",
  "previewHeight": "720",
  "previewWidth": "1280",
  "qqplay": {
    "REMOTE_SERVER_ROOT": "",
    "orientation": "portrait",
    "zip": false
  },
  "scenes": [
    "2d2f792f-a40c-49bb-a189-ed176a246e49"
  ],
  "sourceMaps": false,
  "startScene": "2d2f792f-a40c-49bb-a189-ed176a246e49",
  "template": "link",
  "title": "hello_world",
  "useDebugKeystore": true,
  "vsVersion": "auto",
  "webOrientation": "auto",
  "wechatgame": {
    "REMOTE_SERVER_ROOT": "",
    "appid": "wx6ac3f5090a6b99c5",
    "orientation": "portrait",
    "separate_engine": false,
    "subContext": ""
  },
  "xxteaKey": "04e1e896-e966-4a",
  "zipCompressJs": true,
  "project": "/Users/fe-thienchi-fresher/HelloWorld",
  "projectName": "hello_world",
  "debugBuildWorker": false
}
2021-12-01T06:22:35.436Z - normal: Building /Users/fe-thienchi-fresher/HelloWorld
2021-12-01T06:22:35.436Z - normal: Destination /Users/fe-thienchi-fresher/HelloWorld/build/web-desktop
2021-12-01T06:22:35.438Z - normal: Delete /Users/fe-thienchi-fresher/HelloWorld/build/web-desktop/subpackages/**/*,/Users/fe-thienchi-fresher/HelloWorld/build/web-desktop/**/*
2021-12-01T06:22:36.731Z - normal: Start building assets
2021-12-01T06:22:36.731Z - normal: Start spawn build-worker
2021-12-01T06:22:37.270Z - normal: Finish spawn build-worker
2021-12-01T06:22:37.270Z - normal: Start init build-worker
2021-12-01T06:22:39.336Z - normal: Finish init build-worker
2021-12-01T06:22:39.336Z - normal: Start build-assets in worker
2021-12-01T06:22:39.534Z - normal: Finish build-assets in worker
2021-12-01T06:22:39.536Z - normal: Finish building assets
2021-12-01T06:22:39.540Z - normal: Start building plugin scripts
2021-12-01T06:22:39.584Z - normal: Generating main.js from /Applications/CocosCreator.app/Contents/Resources/static/build-templates/shares/main.js
2021-12-01T06:22:39.590Z - normal: Generating html from /Applications/CocosCreator.app/Contents/Resources/static/build-templates/web-desktop/template/index.html
2021-12-01T06:22:39.601Z - normal: Built to "/Users/fe-thienchi-fresher/HelloWorld/build/web-desktop" successfully
