2021-12-07T09:34:48.664Z - normal: Load ~/.CocosCreator/settings.json
2021-12-07T09:34:48.716Z - normal: Initializing Asset Database
2021-12-07T09:34:48.719Z - normal: checking language setting...
2021-12-07T09:34:48.719Z - normal: Language: en
2021-12-07T09:34:49.249Z - success: preview server running at http://localhost:7456
2021-12-07T09:34:49.264Z - success: protocol editor-framework registered
2021-12-07T09:34:49.264Z - success: protocol app registered
2021-12-07T09:34:49.264Z - success: protocol theme registered
2021-12-07T09:34:49.264Z - success: protocol packages registered
2021-12-07T09:34:49.264Z - success: protocol uuid registerred
2021-12-07T09:34:49.264Z - success: protocol db registerred
2021-12-07T09:34:49.265Z - success: protocol thumbnail registerred
2021-12-07T09:34:49.265Z - success: protocol unpack registerred
2021-12-07T09:34:49.265Z - success: protocol disable-commonjs registerred
2021-12-07T09:34:50.271Z - normal: connected!
2021-12-07T09:34:50.272Z - normal: Check project /Users/fe-thienchi-fresher/BaiTapHai
2021-12-07T09:34:50.273Z - normal: Initializing project /Users/fe-thienchi-fresher/BaiTapHai
2021-12-07T09:34:50.532Z - normal: Initializing Cocos2d
2021-12-07T09:34:51.078Z - normal: Initializing engine extends
2021-12-07T09:34:51.103Z - success: alipay-adapter loaded
2021-12-07T09:34:51.108Z - success: asset-db-debugger loaded
2021-12-07T09:34:51.108Z - success: baidu-adapter loaded
2021-12-07T09:34:51.109Z - success: color-picker loaded
2021-12-07T09:34:51.202Z - success: fb-audience-network loaded
2021-12-07T09:34:51.237Z - success: fb-live-stream loaded
2021-12-07T09:34:51.239Z - success: google-play-instant loaded
2021-12-07T09:34:51.242Z - success: huawei-runtime loaded
2021-12-07T09:34:51.405Z - success: cpk-publish loaded
2021-12-07T09:34:51.405Z - success: jsb-adapter loaded
2021-12-07T09:34:51.409Z - success: oppo-runtime loaded
2021-12-07T09:34:51.412Z - success: package-manager loaded
2021-12-07T09:34:51.496Z - success: qqplay-adapter loaded
2021-12-07T09:34:51.497Z - success: runtime-dev-tools loaded
2021-12-07T09:34:51.527Z - success: sdkbox loaded
2021-12-07T09:34:51.531Z - success: tester loaded
2021-12-07T09:34:51.534Z - success: ui-kit-preview-extra loaded
2021-12-07T09:34:51.536Z - success: ui-kit-preview loaded
2021-12-07T09:34:51.539Z - success: ui-kit loaded
2021-12-07T09:34:51.543Z - success: vivo-runtime loaded
2021-12-07T09:34:51.544Z - success: weapp-adapter loaded
2021-12-07T09:34:51.544Z - success: xiaomi-adapter loaded
2021-12-07T09:34:51.546Z - success: alipay-minigame loaded
2021-12-07T09:34:51.581Z - success: assets loaded
2021-12-07T09:34:51.584Z - success: builder loaded
2021-12-07T09:34:51.774Z - success: cocos-services loaded
2021-12-07T09:34:51.779Z - success: console loaded
2021-12-07T09:34:51.807Z - success: fb-instant-games loaded
2021-12-07T09:34:51.810Z - success: game-window loaded
2021-12-07T09:34:51.812Z - success: google-instant-games loaded
2021-12-07T09:34:51.816Z - success: hierarchy loaded
2021-12-07T09:34:51.819Z - success: inspector loaded
2021-12-07T09:34:51.820Z - success: keystore loaded
2021-12-07T09:34:51.824Z - success: node-library loaded
2021-12-07T09:34:51.825Z - success: package-asset loaded
2021-12-07T09:34:51.826Z - success: preferences loaded
2021-12-07T09:34:51.829Z - success: project-exporter loaded
2021-12-07T09:34:51.833Z - success: project-importer loaded
2021-12-07T09:34:51.836Z - success: project-settings loaded
2021-12-07T09:34:51.841Z - success: scene loaded
2021-12-07T09:34:51.842Z - success: simulator-debugger loaded
2021-12-07T09:34:51.843Z - success: sprite-editor loaded
2021-12-07T09:34:51.848Z - success: store loaded
2021-12-07T09:34:51.855Z - success: timeline loaded
2021-12-07T09:34:51.859Z - success: xiaomi-runtime loaded
2021-12-07T09:34:54.373Z - info: Cocos Services load base data!
2021-12-07T09:34:56.091Z - normal: Loading packages
2021-12-07T09:34:56.095Z - normal: Watching packages
2021-12-07T09:34:56.178Z - normal: Run Application
2021-12-07T09:35:32.116Z - normal: Start building with options : {
  "actualPlatform": "web-desktop",
  "android-instant": {
    "REMOTE_SERVER_ROOT": "",
    "host": "",
    "pathPattern": "",
    "recordPath": "",
    "scheme": "https",
    "skipRecord": false
  },
  "apiLevel": "",
  "appABIs": [],
  "appBundle": false,
  "baidugame": {
    "REMOTE_SERVER_ROOT": "",
    "appid": "testappid",
    "orientation": "portrait",
    "subContext": ""
  },
  "buildPath": "/Users/fe-thienchi-fresher/BaiTapHai/build",
  "debug": false,
  "dest": "/Users/fe-thienchi-fresher/BaiTapHai/build/web-desktop",
  "embedWebDebugger": false,
  "encryptJs": true,
  "excludeScenes": [],
  "excludedModules": [],
  "fb-instant-games": {},
  "includeSDKBox": false,
  "inlineSpriteFrames": true,
  "inlineSpriteFrames_native": true,
  "md5Cache": false,
  "mergeStartScene": false,
  "optimizeHotUpdate": false,
  "orientation": {
    "landscapeLeft": true,
    "landscapeRight": true,
    "portrait": false,
    "upsideDown": false
  },
  "packageName": "org.cocos2d.helloworld",
  "platform": "web-desktop",
  "previewHeight": "720",
  "previewWidth": "1280",
  "qqplay": {
    "REMOTE_SERVER_ROOT": "",
    "orientation": "portrait",
    "zip": false
  },
  "scenes": [
    "2d2f792f-a40c-49bb-a189-ed176a246e49"
  ],
  "sourceMaps": false,
  "startScene": "2d2f792f-a40c-49bb-a189-ed176a246e49",
  "template": "link",
  "title": "BaiTapHai",
  "useDebugKeystore": true,
  "vsVersion": "auto",
  "webOrientation": "auto",
  "wechatgame": {
    "REMOTE_SERVER_ROOT": "",
    "appid": "wx6ac3f5090a6b99c5",
    "orientation": "portrait",
    "separate_engine": false,
    "subContext": ""
  },
  "xxteaKey": "9c80738a-3c71-4e",
  "zipCompressJs": true,
  "project": "/Users/fe-thienchi-fresher/BaiTapHai",
  "projectName": "BaiTapHai",
  "debugBuildWorker": false
}
2021-12-07T09:35:32.119Z - normal: Building /Users/fe-thienchi-fresher/BaiTapHai
2021-12-07T09:35:32.119Z - normal: Destination /Users/fe-thienchi-fresher/BaiTapHai/build/web-desktop
2021-12-07T09:35:32.223Z - normal: Delete /Users/fe-thienchi-fresher/BaiTapHai/build/web-desktop/subpackages/**/*,/Users/fe-thienchi-fresher/BaiTapHai/build/web-desktop/**/*
2021-12-07T09:36:23.238Z - normal: Start building assets
2021-12-07T09:36:23.239Z - normal: Start spawn build-worker
2021-12-07T09:36:23.863Z - normal: Finish spawn build-worker
2021-12-07T09:36:23.864Z - normal: Start init build-worker
2021-12-07T09:36:26.265Z - normal: Finish init build-worker
2021-12-07T09:36:26.265Z - normal: Start build-assets in worker
2021-12-07T09:36:26.549Z - normal: Finish build-assets in worker
2021-12-07T09:36:26.554Z - normal: Finish building assets
2021-12-07T09:36:26.588Z - normal: Start building plugin scripts
2021-12-07T09:36:26.708Z - normal: Generating main.js from /Applications/CocosCreator.app/Contents/Resources/static/build-templates/shares/main.js
2021-12-07T09:36:26.717Z - normal: Generating html from /Applications/CocosCreator.app/Contents/Resources/static/build-templates/web-desktop/template/index.html
2021-12-07T09:36:26.731Z - normal: Built to "/Users/fe-thienchi-fresher/BaiTapHai/build/web-desktop" successfully
