2021-12-11T04:34:25.357Z - normal: Load ~/.CocosCreator/settings.json
2021-12-11T04:34:25.420Z - normal: Initializing Asset Database
2021-12-11T04:34:25.423Z - normal: checking language setting...
2021-12-11T04:34:25.424Z - normal: Language: en
2021-12-11T04:34:26.053Z - success: preview server running at http://localhost:7456
2021-12-11T04:34:26.070Z - success: protocol editor-framework registered
2021-12-11T04:34:26.070Z - success: protocol app registered
2021-12-11T04:34:26.071Z - success: protocol theme registered
2021-12-11T04:34:26.071Z - success: protocol packages registered
2021-12-11T04:34:26.071Z - success: protocol uuid registerred
2021-12-11T04:34:26.071Z - success: protocol db registerred
2021-12-11T04:34:26.071Z - success: protocol thumbnail registerred
2021-12-11T04:34:26.071Z - success: protocol unpack registerred
2021-12-11T04:34:26.071Z - success: protocol disable-commonjs registerred
2021-12-11T04:34:27.217Z - normal: connected!
2021-12-11T04:34:27.218Z - normal: Check project /Users/fe-thienchi-fresher/EasingHomework
2021-12-11T04:34:27.219Z - normal: Initializing project /Users/fe-thienchi-fresher/EasingHomework
2021-12-11T04:34:27.579Z - normal: Initializing Cocos2d
2021-12-11T04:34:28.248Z - normal: Initializing engine extends
2021-12-11T04:34:28.285Z - success: alipay-adapter loaded
2021-12-11T04:34:28.297Z - success: asset-db-debugger loaded
2021-12-11T04:34:28.298Z - success: baidu-adapter loaded
2021-12-11T04:34:28.303Z - success: color-picker loaded
2021-12-11T04:34:28.417Z - success: fb-audience-network loaded
2021-12-11T04:34:28.464Z - success: fb-live-stream loaded
2021-12-11T04:34:28.466Z - success: google-play-instant loaded
2021-12-11T04:34:28.470Z - success: huawei-runtime loaded
2021-12-11T04:34:28.679Z - success: cpk-publish loaded
2021-12-11T04:34:28.679Z - success: jsb-adapter loaded
2021-12-11T04:34:28.683Z - success: oppo-runtime loaded
2021-12-11T04:34:28.687Z - success: package-manager loaded
2021-12-11T04:34:28.792Z - success: qqplay-adapter loaded
2021-12-11T04:34:28.794Z - success: runtime-dev-tools loaded
2021-12-11T04:34:28.832Z - success: sdkbox loaded
2021-12-11T04:34:28.838Z - success: tester loaded
2021-12-11T04:34:28.841Z - success: ui-kit-preview-extra loaded
2021-12-11T04:34:28.845Z - success: ui-kit-preview loaded
2021-12-11T04:34:28.848Z - success: ui-kit loaded
2021-12-11T04:34:28.853Z - success: vivo-runtime loaded
2021-12-11T04:34:28.853Z - success: weapp-adapter loaded
2021-12-11T04:34:28.854Z - success: xiaomi-adapter loaded
2021-12-11T04:34:28.857Z - success: alipay-minigame loaded
2021-12-11T04:34:28.900Z - success: assets loaded
2021-12-11T04:34:28.903Z - success: builder loaded
2021-12-11T04:34:29.145Z - success: cocos-services loaded
2021-12-11T04:34:29.151Z - success: console loaded
2021-12-11T04:34:29.187Z - success: fb-instant-games loaded
2021-12-11T04:34:29.193Z - success: game-window loaded
2021-12-11T04:34:29.194Z - success: google-instant-games loaded
2021-12-11T04:34:29.199Z - success: hierarchy loaded
2021-12-11T04:34:29.203Z - success: inspector loaded
2021-12-11T04:34:29.205Z - success: keystore loaded
2021-12-11T04:34:29.213Z - success: node-library loaded
2021-12-11T04:34:29.214Z - success: package-asset loaded
2021-12-11T04:34:29.215Z - success: preferences loaded
2021-12-11T04:34:29.219Z - success: project-exporter loaded
2021-12-11T04:34:29.225Z - success: project-importer loaded
2021-12-11T04:34:29.230Z - success: project-settings loaded
2021-12-11T04:34:29.235Z - success: scene loaded
2021-12-11T04:34:29.236Z - success: simulator-debugger loaded
2021-12-11T04:34:29.238Z - success: sprite-editor loaded
2021-12-11T04:34:29.244Z - success: store loaded
2021-12-11T04:34:29.251Z - success: timeline loaded
2021-12-11T04:34:29.256Z - success: xiaomi-runtime loaded
2021-12-11T04:34:30.213Z - normal: Loading packages
2021-12-11T04:34:30.218Z - normal: Watching packages
2021-12-11T04:34:30.328Z - normal: Run Application
2021-12-11T04:34:31.375Z - info: Cocos Services load base data!
2021-12-11T04:41:22.030Z - normal: Start building with options : {
  "actualPlatform": "web-desktop",
  "android-instant": {
    "REMOTE_SERVER_ROOT": "",
    "host": "",
    "pathPattern": "",
    "recordPath": "",
    "scheme": "https",
    "skipRecord": false
  },
  "apiLevel": "",
  "appABIs": [],
  "appBundle": false,
  "baidugame": {
    "REMOTE_SERVER_ROOT": "",
    "appid": "testappid",
    "orientation": "portrait",
    "subContext": ""
  },
  "buildPath": "/Users/fe-thienchi-fresher/EasingHomework/build",
  "debug": false,
  "dest": "/Users/fe-thienchi-fresher/EasingHomework/build/web-desktop",
  "embedWebDebugger": false,
  "encryptJs": true,
  "excludeScenes": [],
  "excludedModules": [],
  "fb-instant-games": {},
  "includeSDKBox": false,
  "inlineSpriteFrames": true,
  "inlineSpriteFrames_native": true,
  "md5Cache": false,
  "mergeStartScene": false,
  "optimizeHotUpdate": false,
  "orientation": {
    "landscapeLeft": true,
    "landscapeRight": true,
    "portrait": false,
    "upsideDown": false
  },
  "packageName": "org.cocos2d.helloworld",
  "platform": "web-desktop",
  "previewHeight": "720",
  "previewWidth": "1280",
  "qqplay": {
    "REMOTE_SERVER_ROOT": "",
    "orientation": "portrait",
    "zip": false
  },
  "scenes": [
    "2d2f792f-a40c-49bb-a189-ed176a246e49"
  ],
  "sourceMaps": false,
  "startScene": "2d2f792f-a40c-49bb-a189-ed176a246e49",
  "template": "link",
  "title": "EaseHomeWork",
  "useDebugKeystore": true,
  "vsVersion": "auto",
  "webOrientation": "auto",
  "wechatgame": {
    "REMOTE_SERVER_ROOT": "",
    "appid": "wx6ac3f5090a6b99c5",
    "orientation": "portrait",
    "separate_engine": false,
    "subContext": ""
  },
  "xxteaKey": "a65cc871-0f3b-4c",
  "zipCompressJs": true,
  "project": "/Users/fe-thienchi-fresher/EasingHomework",
  "projectName": "EaseHomeWork",
  "debugBuildWorker": false
}
2021-12-11T04:41:22.034Z - normal: Building /Users/fe-thienchi-fresher/EasingHomework
2021-12-11T04:41:22.034Z - normal: Destination /Users/fe-thienchi-fresher/EasingHomework/build/web-desktop
2021-12-11T04:41:22.133Z - normal: Delete /Users/fe-thienchi-fresher/EasingHomework/build/web-desktop/subpackages/**/*,/Users/fe-thienchi-fresher/EasingHomework/build/web-desktop/**/*
2021-12-11T04:41:23.724Z - normal: Start building assets
2021-12-11T04:41:23.724Z - normal: Start spawn build-worker
2021-12-11T04:41:24.391Z - normal: Finish spawn build-worker
2021-12-11T04:41:24.391Z - normal: Start init build-worker
2021-12-11T04:41:27.038Z - normal: Finish init build-worker
2021-12-11T04:41:27.038Z - normal: Start build-assets in worker
2021-12-11T04:41:27.399Z - normal: Finish build-assets in worker
2021-12-11T04:41:27.402Z - normal: Finish building assets
2021-12-11T04:41:27.410Z - normal: Start building plugin scripts
2021-12-11T04:41:27.470Z - normal: Generating main.js from /Applications/CocosCreator.app/Contents/Resources/static/build-templates/shares/main.js
2021-12-11T04:41:27.480Z - normal: Generating html from /Applications/CocosCreator.app/Contents/Resources/static/build-templates/web-desktop/template/index.html
2021-12-11T04:41:27.497Z - normal: Built to "/Users/fe-thienchi-fresher/EasingHomework/build/web-desktop" successfully
